<?xml version="1.0" encoding="UTF-8"?>
<coverage generated="1775590849700" clover="3.2.0">
  <project timestamp="1775590849700" name="All files">
    <metrics statements="517" coveredstatements="513" conditionals="185" coveredconditionals="172" methods="45" coveredmethods="45" elements="747" coveredelements="730" complexity="0" loc="517" ncloc="517" packages="2" files="5" classes="5"/>
    <package name="src">
      <metrics statements="87" coveredstatements="87" conditionals="37" coveredconditionals="37" methods="12" coveredmethods="12"/>
      <file name="config.ts" path="/Users/jskang/Projects/schift/sdk/cli-ts/src/config.ts">
        <metrics statements="44" coveredstatements="44" conditionals="17" coveredconditionals="17" methods="8" coveredmethods="8"/>
        <line num="1" count="1" type="stmt"/>
        <line num="5" count="1" type="stmt"/>
        <line num="6" count="1" type="stmt"/>
        <line num="8" count="1" type="stmt"/>
        <line num="9" count="1" type="stmt"/>
        <line num="10" count="1" type="stmt"/>
        <line num="11" count="1" type="stmt"/>
        <line num="19" count="4" type="cond" truecount="1" falsecount="0"/>
        <line num="20" count="4" type="cond" truecount="1" falsecount="0"/>
        <line num="21" count="1" type="stmt"/>
        <line num="22" count="1" type="stmt"/>
        <line num="23" count="4" type="stmt"/>
        <line num="25" count="1" type="cond" truecount="1" falsecount="0"/>
        <line num="26" count="13" type="cond" truecount="2" falsecount="0"/>
        <line num="27" count="9" type="stmt"/>
        <line num="28" count="9" type="stmt"/>
        <line num="29" count="13" type="cond" truecount="1" falsecount="0"/>
        <line num="30" count="1" type="stmt"/>
        <line num="31" count="1" type="stmt"/>
        <line num="32" count="13" type="stmt"/>
        <line num="34" count="1" type="cond" truecount="1" falsecount="0"/>
        <line num="35" count="4" type="stmt"/>
        <line num="36" count="4" type="stmt"/>
        <line num="37" count="4" type="stmt"/>
        <line num="38" count="4" type="stmt"/>
        <line num="40" count="1" type="cond" truecount="1" falsecount="0"/>
        <line num="41" count="8" type="cond" truecount="2" falsecount="0"/>
        <line num="42" count="8" type="stmt"/>
        <line num="44" count="1" type="cond" truecount="1" falsecount="0"/>
        <line num="45" count="2" type="stmt"/>
        <line num="46" count="2" type="stmt"/>
        <line num="47" count="2" type="stmt"/>
        <line num="48" count="2" type="stmt"/>
        <line num="50" count="1" type="cond" truecount="1" falsecount="0"/>
        <line num="51" count="2" type="stmt"/>
        <line num="52" count="2" type="stmt"/>
        <line num="53" count="2" type="stmt"/>
        <line num="54" count="2" type="stmt"/>
        <line num="56" count="1" type="cond" truecount="1" falsecount="0"/>
        <line num="57" count="3" type="cond" truecount="2" falsecount="0"/>
        <line num="58" count="3" type="stmt"/>
        <line num="60" count="1" type="cond" truecount="1" falsecount="0"/>
        <line num="61" count="2" type="cond" truecount="1" falsecount="0"/>
        <line num="62" count="2" type="stmt"/>
      </file>
      <file name="index.ts" path="/Users/jskang/Projects/schift/sdk/cli-ts/src/index.ts">
        <metrics statements="43" coveredstatements="43" conditionals="20" coveredconditionals="20" methods="4" coveredmethods="4"/>
        <line num="1" count="1" type="stmt"/>
        <line num="7" count="1" type="stmt"/>
        <line num="35" count="1" type="cond" truecount="1" falsecount="0"/>
        <line num="36" count="6" type="stmt"/>
        <line num="37" count="6" type="stmt"/>
        <line num="51" count="6" type="stmt"/>
        <line num="52" count="6" type="stmt"/>
        <line num="54" count="14" type="cond" truecount="1" falsecount="0"/>
        <line num="55" count="14" type="stmt"/>
        <line num="56" count="14" type="stmt"/>
        <line num="58" count="14" type="cond" truecount="3" falsecount="0"/>
        <line num="59" count="4" type="stmt"/>
        <line num="60" count="4" type="stmt"/>
        <line num="61" count="4" type="cond" truecount="1" falsecount="0"/>
        <line num="63" count="14" type="cond" truecount="2" falsecount="0"/>
        <line num="64" count="2" type="stmt"/>
        <line num="65" count="2" type="stmt"/>
        <line num="66" count="2" type="cond" truecount="1" falsecount="0"/>
        <line num="68" count="14" type="cond" truecount="1" falsecount="0"/>
        <line num="69" count="4" type="cond" truecount="2" falsecount="0"/>
        <line num="70" count="4" type="cond" truecount="2" falsecount="0"/>
        <line num="71" count="4" type="cond" truecount="1" falsecount="0"/>
        <line num="72" count="1" type="stmt"/>
        <line num="73" count="1" type="stmt"/>
        <line num="74" count="1" type="stmt"/>
        <line num="76" count="14" type="cond" truecount="1" falsecount="0"/>
        <line num="77" count="2" type="stmt"/>
        <line num="78" count="2" type="stmt"/>
        <line num="80" count="14" type="cond" truecount="1" falsecount="0"/>
        <line num="81" count="1" type="stmt"/>
        <line num="82" count="1" type="stmt"/>
        <line num="84" count="1" type="stmt"/>
        <line num="85" count="1" type="stmt"/>
        <line num="86" count="1" type="stmt"/>
        <line num="87" count="1" type="stmt"/>
        <line num="89" count="2" type="cond" truecount="1" falsecount="0"/>
        <line num="90" count="2" type="stmt"/>
        <line num="91" count="2" type="cond" truecount="1" falsecount="0"/>
        <line num="92" count="1" type="stmt"/>
        <line num="93" count="1" type="stmt"/>
        <line num="94" count="1" type="stmt"/>
        <line num="95" count="1" type="stmt"/>
        <line num="96" count="2" type="stmt"/>
      </file>
    </package>
    <package name="src.commands">
      <metrics statements="430" coveredstatements="426" conditionals="148" coveredconditionals="135" methods="33" coveredmethods="33"/>
      <file name="auth.ts" path="/Users/jskang/Projects/schift/sdk/cli-ts/src/commands/auth.ts">
        <metrics statements="103" coveredstatements="103" conditionals="30" coveredconditionals="30" methods="12" coveredmethods="12"/>
        <line num="1" count="1" type="stmt"/>
        <line num="12" count="3" type="cond" truecount="1" falsecount="0"/>
        <line num="13" count="3" type="stmt"/>
        <line num="14" count="3" type="stmt"/>
        <line num="15" count="3" type="stmt"/>
        <line num="16" count="3" type="stmt"/>
        <line num="17" count="3" type="cond" truecount="1" falsecount="0"/>
        <line num="18" count="1" type="stmt"/>
        <line num="19" count="1" type="stmt"/>
        <line num="20" count="1" type="cond" truecount="1" falsecount="0"/>
        <line num="21" count="3" type="cond" truecount="1" falsecount="0"/>
        <line num="22" count="1" type="stmt"/>
        <line num="23" count="1" type="stmt"/>
        <line num="24" count="1" type="stmt"/>
        <line num="25" count="1" type="stmt"/>
        <line num="26" count="1" type="stmt"/>
        <line num="40" count="1" type="cond" truecount="1" falsecount="0"/>
        <line num="41" count="3" type="stmt"/>
        <line num="42" count="3" type="stmt"/>
        <line num="43" count="3" type="stmt"/>
        <line num="44" count="3" type="stmt"/>
        <line num="45" count="3" type="stmt"/>
        <line num="46" count="3" type="stmt"/>
        <line num="48" count="1" type="cond" truecount="1" falsecount="0"/>
        <line num="49" count="1" type="stmt"/>
        <line num="50" count="1" type="stmt"/>
        <line num="69" count="3" type="cond" truecount="1" falsecount="0"/>
        <line num="70" count="3" type="stmt"/>
        <line num="71" count="3" type="stmt"/>
        <line num="72" count="3" type="cond" truecount="1" falsecount="0"/>
        <line num="73" count="2" type="stmt"/>
        <line num="74" count="2" type="cond" truecount="1" falsecount="0"/>
        <line num="75" count="1" type="stmt"/>
        <line num="76" count="1" type="stmt"/>
        <line num="77" count="1" type="stmt"/>
        <line num="78" count="1" type="stmt"/>
        <line num="79" count="2" type="stmt"/>
        <line num="80" count="3" type="cond" truecount="2" falsecount="0"/>
        <line num="81" count="3" type="stmt"/>
        <line num="82" count="3" type="stmt"/>
        <line num="93" count="4" type="cond" truecount="1" falsecount="0"/>
        <line num="99" count="4" type="stmt"/>
        <line num="100" count="4" type="cond" truecount="1" falsecount="0"/>
        <line num="101" count="1" type="stmt"/>
        <line num="102" count="1" type="stmt"/>
        <line num="103" count="1" type="stmt"/>
        <line num="104" count="1" type="stmt"/>
        <line num="105" count="1" type="stmt"/>
        <line num="106" count="1" type="stmt"/>
        <line num="107" count="1" type="cond" truecount="1" falsecount="0"/>
        <line num="109" count="4" type="cond" truecount="1" falsecount="0"/>
        <line num="110" count="1" type="stmt"/>
        <line num="111" count="1" type="stmt"/>
        <line num="112" count="1" type="stmt"/>
        <line num="113" count="1" type="stmt"/>
        <line num="114" count="1" type="stmt"/>
        <line num="115" count="1" type="cond" truecount="1" falsecount="0"/>
        <line num="117" count="4" type="cond" truecount="1" falsecount="0"/>
        <line num="118" count="1" type="stmt"/>
        <line num="119" count="1" type="stmt"/>
        <line num="120" count="1" type="stmt"/>
        <line num="121" count="1" type="stmt"/>
        <line num="122" count="1" type="stmt"/>
        <line num="123" count="1" type="stmt"/>
        <line num="125" count="1" type="stmt"/>
        <line num="126" count="1" type="stmt"/>
        <line num="127" count="1" type="stmt"/>
        <line num="128" count="1" type="stmt"/>
        <line num="129" count="1" type="stmt"/>
        <line num="130" count="1" type="stmt"/>
        <line num="131" count="1" type="stmt"/>
        <line num="132" count="1" type="stmt"/>
        <line num="133" count="1" type="stmt"/>
        <line num="135" count="1" type="cond" truecount="1" falsecount="0"/>
        <line num="136" count="3" type="stmt"/>
        <line num="137" count="3" type="stmt"/>
        <line num="139" count="1" type="cond" truecount="1" falsecount="0"/>
        <line num="145" count="4" type="stmt"/>
        <line num="146" count="4" type="stmt"/>
        <line num="147" count="4" type="stmt"/>
        <line num="238" count="1" type="cond" truecount="1" falsecount="0"/>
        <line num="239" count="2" type="cond" truecount="1" falsecount="0"/>
        <line num="240" count="1" type="stmt"/>
        <line num="241" count="1" type="stmt"/>
        <line num="242" count="1" type="stmt"/>
        <line num="243" count="1" type="stmt"/>
        <line num="244" count="1" type="stmt"/>
        <line num="245" count="1" type="stmt"/>
        <line num="247" count="1" type="cond" truecount="1" falsecount="0"/>
        <line num="248" count="3" type="stmt"/>
        <line num="249" count="3" type="stmt"/>
        <line num="251" count="3" type="cond" truecount="1" falsecount="0"/>
        <line num="252" count="1" type="stmt"/>
        <line num="253" count="1" type="stmt"/>
        <line num="254" count="3" type="cond" truecount="2" falsecount="0"/>
        <line num="255" count="1" type="stmt"/>
        <line num="256" count="1" type="stmt"/>
        <line num="257" count="1" type="stmt"/>
        <line num="258" count="1" type="stmt"/>
        <line num="259" count="1" type="stmt"/>
        <line num="260" count="1" type="stmt"/>
        <line num="261" count="1" type="stmt"/>
        <line num="262" count="3" type="stmt"/>
      </file>
      <file name="deploy.ts" path="/Users/jskang/Projects/schift/sdk/cli-ts/src/commands/deploy.ts">
        <metrics statements="269" coveredstatements="265" conditionals="103" coveredconditionals="90" methods="16" coveredmethods="16"/>
        <line num="1" count="1" type="stmt"/>
        <line num="29" count="158" type="cond" truecount="1" falsecount="0"/>
        <line num="30" count="158" type="stmt"/>
        <line num="31" count="158" type="cond" truecount="2" falsecount="0"/>
        <line num="33" count="4" type="stmt"/>
        <line num="34" count="4" type="stmt"/>
        <line num="35" count="158" type="cond" truecount="0" falsecount="1"/>
        <line num="36" count="158" type="stmt"/>
        <line num="38" count="158" type="cond" truecount="1" falsecount="0"/>
        <line num="39" count="158" type="cond" truecount="1" falsecount="0"/>
        <line num="40" count="158" type="stmt"/>
        <line num="42" count="1" type="stmt"/>
        <line num="43" count="1" type="stmt"/>
        <line num="44" count="1" type="stmt"/>
        <line num="45" count="1" type="stmt"/>
        <line num="46" count="1" type="stmt"/>
        <line num="48" count="14" type="cond" truecount="1" falsecount="0"/>
        <line num="49" count="14" type="stmt"/>
        <line num="50" count="14" type="cond" truecount="1" falsecount="0"/>
        <line num="51" count="1" type="stmt"/>
        <line num="52" count="1" type="cond" truecount="1" falsecount="0"/>
        <line num="53" count="13" type="stmt"/>
        <line num="54" count="13" type="stmt"/>
        <line num="56" count="11" type="cond" truecount="1" falsecount="0"/>
        <line num="57" count="11" type="cond" truecount="0" falsecount="1"/>
        <line num="58" count="11" type="stmt"/>
        <line num="59" count="11" type="cond" truecount="1" falsecount="0"/>
        <line num="60" count="9" type="stmt"/>
        <line num="61" count="9" type="stmt"/>
        <line num="62" count="9" type="cond" truecount="1" falsecount="0"/>
        <line num="63" count="1" type="stmt"/>
        <line num="64" count="9" type="cond" truecount="2" falsecount="0"/>
        <line num="65" count="7" type="stmt"/>
        <line num="66" count="7" type="stmt"/>
        <line num="67" count="9" type="stmt"/>
        <line num="68" count="11" type="stmt"/>
        <line num="69" count="11" type="stmt"/>
        <line num="71" count="12" type="cond" truecount="1" falsecount="0"/>
        <line num="72" count="12" type="stmt"/>
        <line num="73" count="12" type="stmt"/>
        <line num="74" count="12" type="stmt"/>
        <line num="75" count="12" type="stmt"/>
        <line num="76" count="12" type="stmt"/>
        <line num="78" count="123" type="cond" truecount="1" falsecount="0"/>
        <line num="79" count="123" type="stmt"/>
        <line num="80" count="123" type="stmt"/>
        <line num="81" count="123" type="stmt"/>
        <line num="82" count="123" type="stmt"/>
        <line num="84" count="4" type="cond" truecount="1" falsecount="0"/>
        <line num="85" count="4" type="stmt"/>
        <line num="86" count="4" type="stmt"/>
        <line num="88" count="1" type="cond" truecount="1" falsecount="0"/>
        <line num="89" count="3" type="stmt"/>
        <line num="91" count="3" type="cond" truecount="1" falsecount="0"/>
        <line num="92" count="4" type="cond" truecount="1" falsecount="0"/>
        <line num="93" count="1" type="stmt"/>
        <line num="94" count="1" type="stmt"/>
        <line num="95" count="1" type="cond" truecount="1" falsecount="0"/>
        <line num="96" count="4" type="cond" truecount="1" falsecount="0"/>
        <line num="97" count="1" type="stmt"/>
        <line num="98" count="1" type="stmt"/>
        <line num="99" count="1" type="cond" truecount="1" falsecount="0"/>
        <line num="100" count="4" type="cond" truecount="1" falsecount="0"/>
        <line num="101" count="1" type="stmt"/>
        <line num="102" count="1" type="stmt"/>
        <line num="103" count="1" type="stmt"/>
        <line num="104" count="1" type="stmt"/>
        <line num="105" count="1" type="cond" truecount="1" falsecount="0"/>
        <line num="107" count="2" type="stmt"/>
        <line num="108" count="2" type="stmt"/>
        <line num="110" count="138" type="cond" truecount="1" falsecount="0"/>
        <line num="111" count="138" type="stmt"/>
        <line num="112" count="138" type="stmt"/>
        <line num="113" count="138" type="stmt"/>
        <line num="114" count="138" type="stmt"/>
        <line num="115" count="138" type="stmt"/>
        <line num="116" count="138" type="stmt"/>
        <line num="117" count="138" type="cond" truecount="0" falsecount="1"/>
        <line num="118" count="0" type="stmt"/>
        <line num="119" count="0" type="stmt"/>
        <line num="121" count="138" type="stmt"/>
        <line num="122" count="138" type="stmt"/>
        <line num="123" count="138" type="stmt"/>
        <line num="124" count="138" type="stmt"/>
        <line num="125" count="138" type="stmt"/>
        <line num="126" count="138" type="stmt"/>
        <line num="128" count="138" type="cond" truecount="1" falsecount="0"/>
        <line num="129" count="15" type="stmt"/>
        <line num="130" count="15" type="stmt"/>
        <line num="131" count="15" type="stmt"/>
        <line num="133" count="138" type="stmt"/>
        <line num="134" count="138" type="cond" truecount="1" falsecount="0"/>
        <line num="135" count="1" type="stmt"/>
        <line num="136" count="1" type="stmt"/>
        <line num="137" count="1" type="cond" truecount="1" falsecount="0"/>
        <line num="138" count="138" type="cond" truecount="1" falsecount="1"/>
        <line num="139" count="137" type="stmt"/>
        <line num="140" count="137" type="stmt"/>
        <line num="142" count="7" type="cond" truecount="1" falsecount="0"/>
        <line num="143" count="7" type="stmt"/>
        <line num="144" count="7" type="cond" truecount="0" falsecount="1"/>
        <line num="145" count="0" type="stmt"/>
        <line num="146" count="0" type="stmt"/>
        <line num="148" count="7" type="stmt"/>
        <line num="149" count="7" type="stmt"/>
        <line num="151" count="7" type="stmt"/>
        <line num="152" count="7" type="stmt"/>
        <line num="153" count="7" type="stmt"/>
        <line num="155" count="7" type="stmt"/>
        <line num="156" count="7" type="stmt"/>
        <line num="157" count="7" type="stmt"/>
        <line num="158" count="7" type="stmt"/>
        <line num="159" count="7" type="stmt"/>
        <line num="160" count="7" type="stmt"/>
        <line num="161" count="7" type="stmt"/>
        <line num="162" count="7" type="stmt"/>
        <line num="164" count="7" type="cond" truecount="1" falsecount="0"/>
        <line num="165" count="1" type="stmt"/>
        <line num="166" count="1" type="stmt"/>
        <line num="167" count="1" type="cond" truecount="1" falsecount="0"/>
        <line num="169" count="6" type="stmt"/>
        <line num="170" count="6" type="stmt"/>
        <line num="172" count="6" type="cond" truecount="1" falsecount="0"/>
        <line num="173" count="6" type="cond" truecount="0" falsecount="1"/>
        <line num="174" count="6" type="stmt"/>
        <line num="175" count="6" type="cond" truecount="1" falsecount="1"/>
        <line num="176" count="6" type="cond" truecount="1" falsecount="0"/>
        <line num="177" count="6" type="stmt"/>
        <line num="179" count="3" type="cond" truecount="1" falsecount="0"/>
        <line num="180" count="3" type="stmt"/>
        <line num="181" count="3" type="stmt"/>
        <line num="183" count="3" type="cond" truecount="1" falsecount="0"/>
        <line num="184" count="123" type="stmt"/>
        <line num="185" count="123" type="cond" truecount="0" falsecount="1"/>
        <line num="187" count="123" type="cond" truecount="1" falsecount="0"/>
        <line num="188" count="4" type="stmt"/>
        <line num="189" count="4" type="stmt"/>
        <line num="190" count="4" type="stmt"/>
        <line num="192" count="123" type="cond" truecount="1" falsecount="0"/>
        <line num="193" count="2" type="cond" truecount="1" falsecount="0"/>
        <line num="194" count="1" type="stmt"/>
        <line num="195" count="1" type="stmt"/>
        <line num="196" count="1" type="stmt"/>
        <line num="197" count="1" type="cond" truecount="1" falsecount="0"/>
        <line num="199" count="121" type="stmt"/>
        <line num="200" count="121" type="cond" truecount="1" falsecount="0"/>
        <line num="202" count="3" type="cond" truecount="1" falsecount="0"/>
        <line num="203" count="1" type="stmt"/>
        <line num="204" count="1" type="stmt"/>
        <line num="205" count="3" type="cond" truecount="1" falsecount="0"/>
        <line num="206" count="1" type="stmt"/>
        <line num="208" count="6" type="cond" truecount="1" falsecount="0"/>
        <line num="209" count="6" type="stmt"/>
        <line num="210" count="6" type="stmt"/>
        <line num="211" count="6" type="stmt"/>
        <line num="212" count="6" type="stmt"/>
        <line num="229" count="14" type="cond" truecount="1" falsecount="0"/>
        <line num="230" count="14" type="stmt"/>
        <line num="231" count="14" type="stmt"/>
        <line num="232" count="14" type="stmt"/>
        <line num="233" count="14" type="stmt"/>
        <line num="235" count="14" type="cond" truecount="1" falsecount="0"/>
        <line num="236" count="1" type="stmt"/>
        <line num="237" count="1" type="stmt"/>
        <line num="238" count="1" type="stmt"/>
        <line num="239" count="1" type="cond" truecount="1" falsecount="0"/>
        <line num="241" count="14" type="cond" truecount="0" falsecount="1"/>
        <line num="243" count="14" type="cond" truecount="1" falsecount="0"/>
        <line num="244" count="9" type="stmt"/>
        <line num="245" count="9" type="stmt"/>
        <line num="246" count="9" type="stmt"/>
        <line num="247" count="9" type="cond" truecount="1" falsecount="0"/>
        <line num="249" count="12" type="stmt"/>
        <line num="250" count="12" type="stmt"/>
        <line num="251" count="14" type="cond" truecount="0" falsecount="1"/>
        <line num="252" count="14" type="cond" truecount="0" falsecount="1"/>
        <line num="253" count="14" type="cond" truecount="1" falsecount="0"/>
        <line num="255" count="14" type="cond" truecount="2" falsecount="1"/>
        <line num="256" count="14" type="cond" truecount="2" falsecount="0"/>
        <line num="257" count="14" type="stmt"/>
        <line num="259" count="14" type="cond" truecount="1" falsecount="0"/>
        <line num="260" count="9" type="stmt"/>
        <line num="261" count="9" type="stmt"/>
        <line num="262" count="9" type="stmt"/>
        <line num="263" count="9" type="cond" truecount="1" falsecount="0"/>
        <line num="265" count="14" type="cond" truecount="1" falsecount="0"/>
        <line num="266" count="7" type="stmt"/>
        <line num="267" count="7" type="stmt"/>
        <line num="268" count="7" type="stmt"/>
        <line num="269" count="7" type="cond" truecount="1" falsecount="0"/>
        <line num="270" count="6" type="stmt"/>
        <line num="271" count="6" type="stmt"/>
        <line num="272" count="7" type="cond" truecount="1" falsecount="0"/>
        <line num="273" count="6" type="stmt"/>
        <line num="274" count="6" type="stmt"/>
        <line num="275" count="7" type="cond" truecount="1" falsecount="0"/>
        <line num="276" count="5" type="stmt"/>
        <line num="277" count="5" type="stmt"/>
        <line num="278" count="7" type="cond" truecount="1" falsecount="0"/>
        <line num="279" count="14" type="cond" truecount="2" falsecount="0"/>
        <line num="280" count="3" type="cond" truecount="0" falsecount="1"/>
        <line num="281" count="3" type="cond" truecount="1" falsecount="0"/>
        <line num="283" count="14" type="cond" truecount="1" falsecount="0"/>
        <line num="284" count="8" type="stmt"/>
        <line num="285" count="8" type="cond" truecount="1" falsecount="0"/>
        <line num="286" count="14" type="cond" truecount="2" falsecount="0"/>
        <line num="287" count="3" type="cond" truecount="1" falsecount="0"/>
        <line num="288" count="14" type="cond" truecount="2" falsecount="0"/>
        <line num="289" count="5" type="stmt"/>
        <line num="290" count="5" type="cond" truecount="1" falsecount="0"/>
        <line num="292" count="14" type="cond" truecount="1" falsecount="0"/>
        <line num="293" count="6" type="stmt"/>
        <line num="294" count="6" type="stmt"/>
        <line num="295" count="6" type="cond" truecount="1" falsecount="0"/>
        <line num="296" count="3" type="stmt"/>
        <line num="297" count="3" type="stmt"/>
        <line num="298" count="6" type="cond" truecount="1" falsecount="0"/>
        <line num="300" count="9" type="stmt"/>
        <line num="301" count="14" type="cond" truecount="1" falsecount="0"/>
        <line num="302" count="6" type="stmt"/>
        <line num="303" count="6" type="cond" truecount="1" falsecount="0"/>
        <line num="304" count="14" type="cond" truecount="2" falsecount="0"/>
        <line num="305" count="3" type="stmt"/>
        <line num="306" count="3" type="stmt"/>
        <line num="307" count="3" type="stmt"/>
        <line num="308" count="3" type="stmt"/>
        <line num="309" count="3" type="cond" truecount="1" falsecount="0"/>
        <line num="310" count="3" type="stmt"/>
        <line num="311" count="3" type="cond" truecount="1" falsecount="0"/>
        <line num="312" count="2" type="cond" truecount="2" falsecount="0"/>
        <line num="313" count="2" type="stmt"/>
        <line num="314" count="3" type="cond" truecount="1" falsecount="0"/>
        <line num="315" count="1" type="stmt"/>
        <line num="316" count="1" type="stmt"/>
        <line num="317" count="1" type="stmt"/>
        <line num="318" count="1" type="stmt"/>
        <line num="319" count="14" type="cond" truecount="2" falsecount="0"/>
        <line num="320" count="3" type="stmt"/>
        <line num="321" count="3" type="cond" truecount="1" falsecount="0"/>
        <line num="323" count="9" type="stmt"/>
        <line num="324" count="9" type="stmt"/>
        <line num="326" count="9" type="stmt"/>
        <line num="327" count="9" type="stmt"/>
        <line num="328" count="9" type="stmt"/>
        <line num="329" count="9" type="stmt"/>
        <line num="330" count="9" type="stmt"/>
        <line num="331" count="9" type="stmt"/>
        <line num="332" count="9" type="stmt"/>
        <line num="333" count="9" type="stmt"/>
        <line num="334" count="9" type="stmt"/>
        <line num="335" count="9" type="stmt"/>
        <line num="336" count="9" type="stmt"/>
        <line num="337" count="9" type="stmt"/>
        <line num="339" count="14" type="cond" truecount="1" falsecount="0"/>
        <line num="340" count="3" type="stmt"/>
        <line num="341" count="3" type="stmt"/>
        <line num="342" count="3" type="cond" truecount="1" falsecount="0"/>
        <line num="344" count="6" type="stmt"/>
        <line num="345" count="6" type="stmt"/>
        <line num="346" count="6" type="stmt"/>
        <line num="347" count="6" type="stmt"/>
        <line num="348" count="6" type="stmt"/>
        <line num="349" count="6" type="stmt"/>
        <line num="350" count="6" type="stmt"/>
        <line num="351" count="6" type="stmt"/>
        <line num="352" count="6" type="stmt"/>
        <line num="353" count="6" type="stmt"/>
        <line num="354" count="6" type="stmt"/>
        <line num="355" count="6" type="stmt"/>
      </file>
      <file name="providers.ts" path="/Users/jskang/Projects/schift/sdk/cli-ts/src/commands/providers.ts">
        <metrics statements="58" coveredstatements="58" conditionals="15" coveredconditionals="15" methods="5" coveredmethods="5"/>
        <line num="1" count="1" type="stmt"/>
        <line num="15" count="1" type="cond" truecount="1" falsecount="0"/>
        <line num="16" count="1" type="stmt"/>
        <line num="17" count="1" type="stmt"/>
        <line num="18" count="1" type="stmt"/>
        <line num="19" count="1" type="cond" truecount="1" falsecount="0"/>
        <line num="20" count="1" type="cond" truecount="1" falsecount="0"/>
        <line num="21" count="1" type="stmt"/>
        <line num="22" count="1" type="stmt"/>
        <line num="24" count="5" type="cond" truecount="1" falsecount="0"/>
        <line num="25" count="5" type="stmt"/>
        <line num="26" count="5" type="stmt"/>
        <line num="27" count="5" type="stmt"/>
        <line num="28" count="5" type="stmt"/>
        <line num="29" count="5" type="stmt"/>
        <line num="30" count="5" type="cond" truecount="1" falsecount="0"/>
        <line num="31" count="1" type="stmt"/>
        <line num="32" count="1" type="cond" truecount="1" falsecount="0"/>
        <line num="34" count="4" type="stmt"/>
        <line num="35" count="5" type="cond" truecount="1" falsecount="0"/>
        <line num="36" count="2" type="stmt"/>
        <line num="37" count="2" type="cond" truecount="1" falsecount="0"/>
        <line num="39" count="4" type="stmt"/>
        <line num="40" count="4" type="stmt"/>
        <line num="41" count="4" type="stmt"/>
        <line num="42" count="4" type="stmt"/>
        <line num="43" count="4" type="stmt"/>
        <line num="44" count="4" type="stmt"/>
        <line num="45" count="4" type="stmt"/>
        <line num="46" count="4" type="stmt"/>
        <line num="47" count="4" type="stmt"/>
        <line num="49" count="5" type="cond" truecount="1" falsecount="0"/>
        <line num="50" count="1" type="stmt"/>
        <line num="51" count="1" type="stmt"/>
        <line num="52" count="1" type="cond" truecount="1" falsecount="0"/>
        <line num="54" count="3" type="stmt"/>
        <line num="55" count="3" type="stmt"/>
        <line num="56" count="3" type="stmt"/>
        <line num="58" count="3" type="cond" truecount="1" falsecount="0"/>
        <line num="59" count="3" type="stmt"/>
        <line num="60" count="3" type="stmt"/>
        <line num="62" count="3" type="cond" truecount="2" falsecount="0"/>
        <line num="63" count="1" type="stmt"/>
        <line num="64" count="1" type="stmt"/>
        <line num="65" count="1" type="cond" truecount="1" falsecount="0"/>
        <line num="67" count="2" type="stmt"/>
        <line num="68" count="3" type="cond" truecount="1" falsecount="0"/>
        <line num="69" count="1" type="stmt"/>
        <line num="70" count="1" type="stmt"/>
        <line num="72" count="1" type="stmt"/>
        <line num="73" count="1" type="stmt"/>
        <line num="74" count="1" type="stmt"/>
        <line num="75" count="1" type="stmt"/>
        <line num="76" count="1" type="stmt"/>
        <line num="77" count="1" type="stmt"/>
        <line num="78" count="1" type="stmt"/>
        <line num="79" count="1" type="stmt"/>
        <line num="80" count="1" type="stmt"/>
      </file>
    </package>
  </project>
</coverage>
