{"/Users/jskang/Projects/schift/sdk/cli-ts/src/config.ts": {"path":"/Users/jskang/Projects/schift/sdk/cli-ts/src/config.ts","all":false,"statementMap":{"0":{"start":{"line":1,"column":0},"end":{"line":1,"column":88}},"4":{"start":{"line":5,"column":0},"end":{"line":5,"column":49}},"5":{"start":{"line":6,"column":0},"end":{"line":6,"column":55}},"7":{"start":{"line":8,"column":0},"end":{"line":8,"column":44}},"8":{"start":{"line":9,"column":0},"end":{"line":9,"column":44}},"9":{"start":{"line":10,"column":0},"end":{"line":10,"column":55}},"10":{"start":{"line":11,"column":0},"end":{"line":11,"column":51}},"18":{"start":{"line":19,"column":0},"end":{"line":19,"column":28}},"19":{"start":{"line":20,"column":0},"end":{"line":20,"column":32}},"20":{"start":{"line":21,"column":0},"end":{"line":21,"column":47}},"21":{"start":{"line":22,"column":0},"end":{"line":22,"column":3}},"22":{"start":{"line":23,"column":0},"end":{"line":23,"column":1}},"24":{"start":{"line":25,"column":0},"end":{"line":25,"column":38}},"25":{"start":{"line":26,"column":0},"end":{"line":26,"column":42}},"26":{"start":{"line":27,"column":0},"end":{"line":27,"column":7}},"27":{"start":{"line":28,"column":0},"end":{"line":28,"column":58}},"28":{"start":{"line":29,"column":0},"end":{"line":29,"column":11}},"29":{"start":{"line":30,"column":0},"end":{"line":30,"column":14}},"30":{"start":{"line":31,"column":0},"end":{"line":31,"column":3}},"31":{"start":{"line":32,"column":0},"end":{"line":32,"column":1}},"33":{"start":{"line":34,"column":0},"end":{"line":34,"column":44}},"34":{"start":{"line":35,"column":0},"end":{"line":35,"column":20}},"35":{"start":{"line":36,"column":0},"end":{"line":36,"column":69}},"36":{"start":{"line":37,"column":0},"end":{"line":37,"column":32}},"37":{"start":{"line":38,"column":0},"end":{"line":38,"column":1}},"39":{"start":{"line":40,"column":0},"end":{"line":40,"column":44}},"40":{"start":{"line":41,"column":0},"end":{"line":41,"column":66}},"41":{"start":{"line":42,"column":0},"end":{"line":42,"column":1}},"43":{"start":{"line":44,"column":0},"end":{"line":44,"column":40}},"44":{"start":{"line":45,"column":0},"end":{"line":45,"column":30}},"45":{"start":{"line":46,"column":0},"end":{"line":46,"column":23}},"46":{"start":{"line":47,"column":0},"end":{"line":47,"column":21}},"47":{"start":{"line":48,"column":0},"end":{"line":48,"column":1}},"49":{"start":{"line":50,"column":0},"end":{"line":50,"column":31}},"50":{"start":{"line":51,"column":0},"end":{"line":51,"column":30}},"51":{"start":{"line":52,"column":0},"end":{"line":52,"column":24}},"52":{"start":{"line":53,"column":0},"end":{"line":53,"column":21}},"53":{"start":{"line":54,"column":0},"end":{"line":54,"column":1}},"55":{"start":{"line":56,"column":0},"end":{"line":56,"column":37}},"56":{"start":{"line":57,"column":0},"end":{"line":57,"column":77}},"57":{"start":{"line":58,"column":0},"end":{"line":58,"column":1}},"59":{"start":{"line":60,"column":0},"end":{"line":60,"column":37}},"60":{"start":{"line":61,"column":0},"end":{"line":61,"column":58}},"61":{"start":{"line":62,"column":0},"end":{"line":62,"column":1}}},"s":{"0":1,"4":1,"5":1,"7":1,"8":1,"9":1,"10":1,"18":4,"19":4,"20":1,"21":1,"22":4,"24":1,"25":13,"26":9,"27":9,"28":13,"29":1,"30":1,"31":13,"33":1,"34":4,"35":4,"36":4,"37":4,"39":1,"40":8,"41":8,"43":1,"44":2,"45":2,"46":2,"47":2,"49":1,"50":2,"51":2,"52":2,"53":2,"55":1,"56":3,"57":3,"59":1,"60":2,"61":2},"branchMap":{"0":{"type":"branch","line":19,"loc":{"start":{"line":19,"column":0},"end":{"line":23,"column":1}},"locations":[{"start":{"line":19,"column":0},"end":{"line":23,"column":1}}]},"1":{"type":"branch","line":20,"loc":{"start":{"line":20,"column":31},"end":{"line":22,"column":3}},"locations":[{"start":{"line":20,"column":31},"end":{"line":22,"column":3}}]},"2":{"type":"branch","line":25,"loc":{"start":{"line":25,"column":7},"end":{"line":32,"column":1}},"locations":[{"start":{"line":25,"column":7},"end":{"line":32,"column":1}}]},"3":{"type":"branch","line":26,"loc":{"start":{"line":26,"column":32},"end":{"line":26,"column":42}},"locations":[{"start":{"line":26,"column":32},"end":{"line":26,"column":42}}]},"4":{"type":"branch","line":26,"loc":{"start":{"line":26,"column":40},"end":{"line":29,"column":10}},"locations":[{"start":{"line":26,"column":40},"end":{"line":29,"column":10}}]},"5":{"type":"branch","line":29,"loc":{"start":{"line":29,"column":2},"end":{"line":31,"column":3}},"locations":[{"start":{"line":29,"column":2},"end":{"line":31,"column":3}}]},"6":{"type":"branch","line":34,"loc":{"start":{"line":34,"column":7},"end":{"line":38,"column":1}},"locations":[{"start":{"line":34,"column":7},"end":{"line":38,"column":1}}]},"7":{"type":"branch","line":40,"loc":{"start":{"line":40,"column":7},"end":{"line":42,"column":1}},"locations":[{"start":{"line":40,"column":7},"end":{"line":42,"column":1}}]},"8":{"type":"branch","line":41,"loc":{"start":{"line":41,"column":32},"end":{"line":41,"column":61}},"locations":[{"start":{"line":41,"column":32},"end":{"line":41,"column":61}}]},"9":{"type":"branch","line":41,"loc":{"start":{"line":41,"column":50},"end":{"line":41,"column":66}},"locations":[{"start":{"line":41,"column":50},"end":{"line":41,"column":66}}]},"10":{"type":"branch","line":44,"loc":{"start":{"line":44,"column":7},"end":{"line":48,"column":1}},"locations":[{"start":{"line":44,"column":7},"end":{"line":48,"column":1}}]},"11":{"type":"branch","line":50,"loc":{"start":{"line":50,"column":7},"end":{"line":54,"column":1}},"locations":[{"start":{"line":50,"column":7},"end":{"line":54,"column":1}}]},"12":{"type":"branch","line":56,"loc":{"start":{"line":56,"column":7},"end":{"line":58,"column":1}},"locations":[{"start":{"line":56,"column":7},"end":{"line":58,"column":1}}]},"13":{"type":"branch","line":57,"loc":{"start":{"line":57,"column":32},"end":{"line":57,"column":61}},"locations":[{"start":{"line":57,"column":32},"end":{"line":57,"column":61}}]},"14":{"type":"branch","line":57,"loc":{"start":{"line":57,"column":50},"end":{"line":57,"column":77}},"locations":[{"start":{"line":57,"column":50},"end":{"line":57,"column":77}}]},"15":{"type":"branch","line":60,"loc":{"start":{"line":60,"column":7},"end":{"line":62,"column":1}},"locations":[{"start":{"line":60,"column":7},"end":{"line":62,"column":1}}]},"16":{"type":"branch","line":61,"loc":{"start":{"line":61,"column":37},"end":{"line":61,"column":58}},"locations":[{"start":{"line":61,"column":37},"end":{"line":61,"column":58}}]}},"b":{"0":[4],"1":[1],"2":[13],"3":[4],"4":[9],"5":[1],"6":[4],"7":[8],"8":[5],"9":[2],"10":[2],"11":[2],"12":[3],"13":[2],"14":[1],"15":[2],"16":[1]},"fnMap":{"0":{"name":"ensureConfigDir","decl":{"start":{"line":19,"column":0},"end":{"line":23,"column":1}},"loc":{"start":{"line":19,"column":0},"end":{"line":23,"column":1}},"line":19},"1":{"name":"loadConfig","decl":{"start":{"line":25,"column":7},"end":{"line":32,"column":1}},"loc":{"start":{"line":25,"column":7},"end":{"line":32,"column":1}},"line":25},"2":{"name":"saveConfig","decl":{"start":{"line":34,"column":7},"end":{"line":38,"column":1}},"loc":{"start":{"line":34,"column":7},"end":{"line":38,"column":1}},"line":34},"3":{"name":"getApiKey","decl":{"start":{"line":40,"column":7},"end":{"line":42,"column":1}},"loc":{"start":{"line":40,"column":7},"end":{"line":42,"column":1}},"line":40},"4":{"name":"setApiKey","decl":{"start":{"line":44,"column":7},"end":{"line":48,"column":1}},"loc":{"start":{"line":44,"column":7},"end":{"line":48,"column":1}},"line":44},"5":{"name":"clearApiKey","decl":{"start":{"line":50,"column":7},"end":{"line":54,"column":1}},"loc":{"start":{"line":50,"column":7},"end":{"line":54,"column":1}},"line":50},"6":{"name":"getApiUrl","decl":{"start":{"line":56,"column":7},"end":{"line":58,"column":1}},"loc":{"start":{"line":56,"column":7},"end":{"line":58,"column":1}},"line":56},"7":{"name":"getWebUrl","decl":{"start":{"line":60,"column":7},"end":{"line":62,"column":1}},"loc":{"start":{"line":60,"column":7},"end":{"line":62,"column":1}},"line":60}},"f":{"0":4,"1":13,"2":4,"3":8,"4":2,"5":2,"6":3,"7":2}}
,"/Users/jskang/Projects/schift/sdk/cli-ts/src/index.ts": {"path":"/Users/jskang/Projects/schift/sdk/cli-ts/src/index.ts","all":false,"statementMap":{"0":{"start":{"line":1,"column":0},"end":{"line":1,"column":19}},"6":{"start":{"line":7,"column":0},"end":{"line":7,"column":31}},"34":{"start":{"line":35,"column":0},"end":{"line":35,"column":76}},"35":{"start":{"line":36,"column":0},"end":{"line":36,"column":10}},"36":{"start":{"line":37,"column":0},"end":{"line":37,"column":35}},"50":{"start":{"line":51,"column":0},"end":{"line":51,"column":3}},"51":{"start":{"line":52,"column":0},"end":{"line":52,"column":1}},"53":{"start":{"line":54,"column":0},"end":{"line":54,"column":86}},"54":{"start":{"line":55,"column":0},"end":{"line":55,"column":26}},"55":{"start":{"line":56,"column":0},"end":{"line":56,"column":29}},"57":{"start":{"line":58,"column":0},"end":{"line":58,"column":61}},"58":{"start":{"line":59,"column":0},"end":{"line":59,"column":27}},"59":{"start":{"line":60,"column":0},"end":{"line":60,"column":11}},"60":{"start":{"line":61,"column":0},"end":{"line":61,"column":3}},"62":{"start":{"line":63,"column":0},"end":{"line":63,"column":52}},"63":{"start":{"line":64,"column":0},"end":{"line":64,"column":38}},"64":{"start":{"line":65,"column":0},"end":{"line":65,"column":11}},"65":{"start":{"line":66,"column":0},"end":{"line":66,"column":3}},"67":{"start":{"line":68,"column":0},"end":{"line":68,"column":27}},"68":{"start":{"line":69,"column":0},"end":{"line":69,"column":55}},"69":{"start":{"line":70,"column":0},"end":{"line":70,"column":57}},"70":{"start":{"line":71,"column":0},"end":{"line":71,"column":57}},"71":{"start":{"line":72,"column":0},"end":{"line":72,"column":64}},"72":{"start":{"line":73,"column":0},"end":{"line":73,"column":11}},"73":{"start":{"line":74,"column":0},"end":{"line":74,"column":3}},"75":{"start":{"line":76,"column":0},"end":{"line":76,"column":29}},"76":{"start":{"line":77,"column":0},"end":{"line":77,"column":41}},"77":{"start":{"line":78,"column":0},"end":{"line":78,"column":3}},"79":{"start":{"line":80,"column":0},"end":{"line":80,"column":32}},"80":{"start":{"line":81,"column":0},"end":{"line":81,"column":44}},"81":{"start":{"line":82,"column":0},"end":{"line":82,"column":3}},"83":{"start":{"line":84,"column":0},"end":{"line":84,"column":51}},"84":{"start":{"line":85,"column":0},"end":{"line":85,"column":25}},"85":{"start":{"line":86,"column":0},"end":{"line":86,"column":18}},"86":{"start":{"line":87,"column":0},"end":{"line":87,"column":1}},"88":{"start":{"line":89,"column":0},"end":{"line":89,"column":108}},"89":{"start":{"line":90,"column":0},"end":{"line":90,"column":7}},"90":{"start":{"line":91,"column":0},"end":{"line":91,"column":32}},"91":{"start":{"line":92,"column":0},"end":{"line":92,"column":17}},"92":{"start":{"line":93,"column":0},"end":{"line":93,"column":60}},"93":{"start":{"line":94,"column":0},"end":{"line":94,"column":20}},"94":{"start":{"line":95,"column":0},"end":{"line":95,"column":3}},"95":{"start":{"line":96,"column":0},"end":{"line":96,"column":1}}},"s":{"0":1,"6":1,"34":1,"35":6,"36":6,"50":6,"51":6,"53":14,"54":14,"55":14,"57":14,"58":4,"59":4,"60":4,"62":14,"63":2,"64":2,"65":2,"67":14,"68":4,"69":4,"70":4,"71":1,"72":1,"73":1,"75":14,"76":2,"77":2,"79":14,"80":1,"81":1,"83":1,"84":1,"85":1,"86":1,"88":2,"89":2,"90":2,"91":1,"92":1,"93":1,"94":1,"95":2},"branchMap":{"0":{"type":"branch","line":99,"loc":{"start":{"line":99,"column":80},"end":{"line":101,"column":1}},"locations":[{"start":{"line":99,"column":80},"end":{"line":101,"column":1}}]},"1":{"type":"branch","line":35,"loc":{"start":{"line":35,"column":7},"end":{"line":52,"column":1}},"locations":[{"start":{"line":35,"column":7},"end":{"line":52,"column":1}}]},"2":{"type":"branch","line":54,"loc":{"start":{"line":54,"column":0},"end":{"line":87,"column":1}},"locations":[{"start":{"line":54,"column":0},"end":{"line":87,"column":1}}]},"3":{"type":"branch","line":58,"loc":{"start":{"line":58,"column":7},"end":{"line":58,"column":42}},"locations":[{"start":{"line":58,"column":7},"end":{"line":58,"column":42}}]},"4":{"type":"branch","line":58,"loc":{"start":{"line":58,"column":30},"end":{"line":58,"column":60}},"locations":[{"start":{"line":58,"column":30},"end":{"line":58,"column":60}}]},"5":{"type":"branch","line":58,"loc":{"start":{"line":58,"column":60},"end":{"line":61,"column":3}},"locations":[{"start":{"line":58,"column":60},"end":{"line":61,"column":3}}]},"6":{"type":"branch","line":61,"loc":{"start":{"line":61,"column":2},"end":{"line":63,"column":33}},"locations":[{"start":{"line":61,"column":2},"end":{"line":63,"column":33}}]},"7":{"type":"branch","line":63,"loc":{"start":{"line":63,"column":18},"end":{"line":63,"column":51}},"locations":[{"start":{"line":63,"column":18},"end":{"line":63,"column":51}}]},"8":{"type":"branch","line":63,"loc":{"start":{"line":63,"column":51},"end":{"line":66,"column":3}},"locations":[{"start":{"line":63,"column":51},"end":{"line":66,"column":3}}]},"9":{"type":"branch","line":66,"loc":{"start":{"line":66,"column":2},"end":{"line":68,"column":26}},"locations":[{"start":{"line":66,"column":2},"end":{"line":68,"column":26}}]},"10":{"type":"branch","line":68,"loc":{"start":{"line":68,"column":26},"end":{"line":76,"column":28}},"locations":[{"start":{"line":68,"column":26},"end":{"line":76,"column":28}}]},"11":{"type":"branch","line":69,"loc":{"start":{"line":69,"column":32},"end":{"line":69,"column":55}},"locations":[{"start":{"line":69,"column":32},"end":{"line":69,"column":55}}]},"12":{"type":"branch","line":69,"loc":{"start":{"line":69,"column":53},"end":{"line":70,"column":40}},"locations":[{"start":{"line":69,"column":53},"end":{"line":70,"column":40}}]},"13":{"type":"branch","line":70,"loc":{"start":{"line":70,"column":33},"end":{"line":70,"column":57}},"locations":[{"start":{"line":70,"column":33},"end":{"line":70,"column":57}}]},"14":{"type":"branch","line":70,"loc":{"start":{"line":70,"column":55},"end":{"line":71,"column":40}},"locations":[{"start":{"line":70,"column":55},"end":{"line":71,"column":40}}]},"15":{"type":"branch","line":71,"loc":{"start":{"line":71,"column":33},"end":{"line":74,"column":3}},"locations":[{"start":{"line":71,"column":33},"end":{"line":74,"column":3}}]},"16":{"type":"branch","line":76,"loc":{"start":{"line":76,"column":28},"end":{"line":80,"column":31}},"locations":[{"start":{"line":76,"column":28},"end":{"line":80,"column":31}}]},"17":{"type":"branch","line":80,"loc":{"start":{"line":80,"column":31},"end":{"line":87,"column":1}},"locations":[{"start":{"line":80,"column":31},"end":{"line":87,"column":1}}]},"18":{"type":"branch","line":89,"loc":{"start":{"line":89,"column":0},"end":{"line":96,"column":1}},"locations":[{"start":{"line":89,"column":0},"end":{"line":96,"column":1}}]},"19":{"type":"branch","line":91,"loc":{"start":{"line":91,"column":30},"end":{"line":95,"column":3}},"locations":[{"start":{"line":91,"column":30},"end":{"line":95,"column":3}}]}},"b":{"0":[1],"1":[6],"2":[14],"3":[12],"4":[11],"5":[4],"6":[10],"7":[9],"8":[2],"9":[8],"10":[4],"11":[1],"12":[3],"13":[1],"14":[2],"15":[1],"16":[2],"17":[1],"18":[2],"19":[1]},"fnMap":{"0":{"name":"defaultRuntime","decl":{"start":{"line":21,"column":0},"end":{"line":32,"column":1}},"loc":{"start":{"line":21,"column":0},"end":{"line":32,"column":1}},"line":21},"1":{"name":"printHelp","decl":{"start":{"line":35,"column":7},"end":{"line":52,"column":1}},"loc":{"start":{"line":35,"column":7},"end":{"line":52,"column":1}},"line":35},"2":{"name":"runCli","decl":{"start":{"line":54,"column":0},"end":{"line":87,"column":1}},"loc":{"start":{"line":54,"column":0},"end":{"line":87,"column":1}},"line":54},"3":{"name":"main","decl":{"start":{"line":89,"column":0},"end":{"line":96,"column":1}},"loc":{"start":{"line":89,"column":0},"end":{"line":96,"column":1}},"line":89}},"f":{"0":1,"1":6,"2":14,"3":2}}
,"/Users/jskang/Projects/schift/sdk/cli-ts/src/commands/auth.ts": {"path":"/Users/jskang/Projects/schift/sdk/cli-ts/src/commands/auth.ts","all":false,"statementMap":{"0":{"start":{"line":1,"column":0},"end":{"line":1,"column":8}},"11":{"start":{"line":12,"column":0},"end":{"line":12,"column":32}},"12":{"start":{"line":13,"column":0},"end":{"line":13,"column":28}},"13":{"start":{"line":14,"column":0},"end":{"line":14,"column":14}},"14":{"start":{"line":15,"column":0},"end":{"line":15,"column":52}},"15":{"start":{"line":16,"column":0},"end":{"line":16,"column":3}},"16":{"start":{"line":17,"column":0},"end":{"line":17,"column":30}},"17":{"start":{"line":18,"column":0},"end":{"line":18,"column":26}},"18":{"start":{"line":19,"column":0},"end":{"line":19,"column":11}},"19":{"start":{"line":20,"column":0},"end":{"line":20,"column":3}},"20":{"start":{"line":21,"column":0},"end":{"line":21,"column":29}},"21":{"start":{"line":22,"column":0},"end":{"line":22,"column":44}},"22":{"start":{"line":23,"column":0},"end":{"line":23,"column":11}},"23":{"start":{"line":24,"column":0},"end":{"line":24,"column":3}},"24":{"start":{"line":25,"column":0},"end":{"line":25,"column":28}},"25":{"start":{"line":26,"column":0},"end":{"line":26,"column":1}},"39":{"start":{"line":40,"column":0},"end":{"line":40,"column":46}},"40":{"start":{"line":41,"column":0},"end":{"line":41,"column":28}},"41":{"start":{"line":42,"column":0},"end":{"line":42,"column":14}},"42":{"start":{"line":43,"column":0},"end":{"line":43,"column":52}},"43":{"start":{"line":44,"column":0},"end":{"line":44,"column":3}},"44":{"start":{"line":45,"column":0},"end":{"line":45,"column":48}},"45":{"start":{"line":46,"column":0},"end":{"line":46,"column":1}},"47":{"start":{"line":48,"column":0},"end":{"line":48,"column":45}},"48":{"start":{"line":49,"column":0},"end":{"line":49,"column":24}},"49":{"start":{"line":50,"column":0},"end":{"line":50,"column":1}},"68":{"start":{"line":69,"column":0},"end":{"line":69,"column":67}},"69":{"start":{"line":70,"column":0},"end":{"line":70,"column":45}},"70":{"start":{"line":71,"column":0},"end":{"line":71,"column":19}},"71":{"start":{"line":72,"column":0},"end":{"line":72,"column":28}},"72":{"start":{"line":73,"column":0},"end":{"line":73,"column":45}},"73":{"start":{"line":74,"column":0},"end":{"line":74,"column":46}},"74":{"start":{"line":75,"column":0},"end":{"line":75,"column":81}},"75":{"start":{"line":76,"column":0},"end":{"line":76,"column":38}},"76":{"start":{"line":77,"column":0},"end":{"line":77,"column":13}},"77":{"start":{"line":78,"column":0},"end":{"line":78,"column":5}},"78":{"start":{"line":79,"column":0},"end":{"line":79,"column":3}},"79":{"start":{"line":80,"column":0},"end":{"line":80,"column":71}},"80":{"start":{"line":81,"column":0},"end":{"line":81,"column":72}},"81":{"start":{"line":82,"column":0},"end":{"line":82,"column":1}},"92":{"start":{"line":93,"column":0},"end":{"line":93,"column":39}},"98":{"start":{"line":99,"column":0},"end":{"line":99,"column":25}},"99":{"start":{"line":100,"column":0},"end":{"line":100,"column":21}},"100":{"start":{"line":101,"column":0},"end":{"line":101,"column":12}},"101":{"start":{"line":102,"column":0},"end":{"line":102,"column":22}},"102":{"start":{"line":103,"column":0},"end":{"line":103,"column":117}},"103":{"start":{"line":104,"column":0},"end":{"line":104,"column":23}},"104":{"start":{"line":105,"column":0},"end":{"line":105,"column":33}},"105":{"start":{"line":106,"column":0},"end":{"line":106,"column":6}},"106":{"start":{"line":107,"column":0},"end":{"line":107,"column":3}},"108":{"start":{"line":109,"column":0},"end":{"line":109,"column":54}},"109":{"start":{"line":110,"column":0},"end":{"line":110,"column":12}},"110":{"start":{"line":111,"column":0},"end":{"line":111,"column":22}},"111":{"start":{"line":112,"column":0},"end":{"line":112,"column":88}},"112":{"start":{"line":113,"column":0},"end":{"line":113,"column":25}},"113":{"start":{"line":114,"column":0},"end":{"line":114,"column":6}},"114":{"start":{"line":115,"column":0},"end":{"line":115,"column":3}},"116":{"start":{"line":117,"column":0},"end":{"line":117,"column":58}},"117":{"start":{"line":118,"column":0},"end":{"line":118,"column":12}},"118":{"start":{"line":119,"column":0},"end":{"line":119,"column":22}},"119":{"start":{"line":120,"column":0},"end":{"line":120,"column":87}},"120":{"start":{"line":121,"column":0},"end":{"line":121,"column":25}},"121":{"start":{"line":122,"column":0},"end":{"line":122,"column":6}},"122":{"start":{"line":123,"column":0},"end":{"line":123,"column":3}},"124":{"start":{"line":125,"column":0},"end":{"line":125,"column":10}},"125":{"start":{"line":126,"column":0},"end":{"line":126,"column":20}},"126":{"start":{"line":127,"column":0},"end":{"line":127,"column":14}},"127":{"start":{"line":128,"column":0},"end":{"line":128,"column":59}},"128":{"start":{"line":129,"column":0},"end":{"line":129,"column":6}},"129":{"start":{"line":130,"column":0},"end":{"line":130,"column":22}},"130":{"start":{"line":131,"column":0},"end":{"line":131,"column":24}},"131":{"start":{"line":132,"column":0},"end":{"line":132,"column":4}},"132":{"start":{"line":133,"column":0},"end":{"line":133,"column":1}},"134":{"start":{"line":135,"column":0},"end":{"line":135,"column":65}},"135":{"start":{"line":136,"column":0},"end":{"line":136,"column":27}},"136":{"start":{"line":137,"column":0},"end":{"line":137,"column":1}},"138":{"start":{"line":139,"column":0},"end":{"line":139,"column":53}},"144":{"start":{"line":145,"column":0},"end":{"line":145,"column":4}},"145":{"start":{"line":146,"column":0},"end":{"line":146,"column":38}},"146":{"start":{"line":147,"column":0},"end":{"line":147,"column":1}},"237":{"start":{"line":238,"column":0},"end":{"line":238,"column":26}},"238":{"start":{"line":239,"column":0},"end":{"line":239,"column":21}},"239":{"start":{"line":240,"column":0},"end":{"line":240,"column":42}},"240":{"start":{"line":241,"column":0},"end":{"line":241,"column":11}},"241":{"start":{"line":242,"column":0},"end":{"line":242,"column":3}},"242":{"start":{"line":243,"column":0},"end":{"line":243,"column":16}},"243":{"start":{"line":244,"column":0},"end":{"line":244,"column":38}},"244":{"start":{"line":245,"column":0},"end":{"line":245,"column":1}},"246":{"start":{"line":247,"column":0},"end":{"line":247,"column":26}},"247":{"start":{"line":248,"column":0},"end":{"line":248,"column":47}},"248":{"start":{"line":249,"column":0},"end":{"line":249,"column":32}},"250":{"start":{"line":251,"column":0},"end":{"line":251,"column":15}},"251":{"start":{"line":252,"column":0},"end":{"line":252,"column":67}},"252":{"start":{"line":253,"column":0},"end":{"line":253,"column":77}},"253":{"start":{"line":254,"column":0},"end":{"line":254,"column":25}},"254":{"start":{"line":255,"column":0},"end":{"line":255,"column":73}},"255":{"start":{"line":256,"column":0},"end":{"line":256,"column":76}},"256":{"start":{"line":257,"column":0},"end":{"line":257,"column":10}},"257":{"start":{"line":258,"column":0},"end":{"line":258,"column":16}},"258":{"start":{"line":259,"column":0},"end":{"line":259,"column":71}},"259":{"start":{"line":260,"column":0},"end":{"line":260,"column":6}},"260":{"start":{"line":261,"column":0},"end":{"line":261,"column":3}},"261":{"start":{"line":262,"column":0},"end":{"line":262,"column":1}}},"s":{"0":1,"11":3,"12":3,"13":3,"14":3,"15":3,"16":3,"17":1,"18":1,"19":1,"20":3,"21":1,"22":1,"23":1,"24":1,"25":1,"39":1,"40":3,"41":3,"42":3,"43":3,"44":3,"45":3,"47":1,"48":1,"49":1,"68":3,"69":3,"70":3,"71":3,"72":2,"73":2,"74":1,"75":1,"76":1,"77":1,"78":2,"79":3,"80":3,"81":3,"92":4,"98":4,"99":4,"100":1,"101":1,"102":1,"103":1,"104":1,"105":1,"106":1,"108":4,"109":1,"110":1,"111":1,"112":1,"113":1,"114":1,"116":4,"117":1,"118":1,"119":1,"120":1,"121":1,"122":1,"124":1,"125":1,"126":1,"127":1,"128":1,"129":1,"130":1,"131":1,"132":1,"134":1,"135":3,"136":3,"138":1,"144":4,"145":4,"146":4,"237":1,"238":2,"239":1,"240":1,"241":1,"242":1,"243":1,"244":1,"246":1,"247":3,"248":3,"250":3,"251":1,"252":1,"253":3,"254":1,"255":1,"256":1,"257":1,"258":1,"259":1,"260":1,"261":3},"branchMap":{"0":{"type":"branch","line":12,"loc":{"start":{"line":12,"column":0},"end":{"line":26,"column":1}},"locations":[{"start":{"line":12,"column":0},"end":{"line":26,"column":1}}]},"1":{"type":"branch","line":17,"loc":{"start":{"line":17,"column":29},"end":{"line":20,"column":3}},"locations":[{"start":{"line":17,"column":29},"end":{"line":20,"column":3}}]},"2":{"type":"branch","line":20,"loc":{"start":{"line":20,"column":2},"end":{"line":21,"column":28}},"locations":[{"start":{"line":20,"column":2},"end":{"line":21,"column":28}}]},"3":{"type":"branch","line":21,"loc":{"start":{"line":21,"column":28},"end":{"line":26,"column":1}},"locations":[{"start":{"line":21,"column":28},"end":{"line":26,"column":1}}]},"4":{"type":"branch","line":40,"loc":{"start":{"line":40,"column":7},"end":{"line":46,"column":1}},"locations":[{"start":{"line":40,"column":7},"end":{"line":46,"column":1}}]},"5":{"type":"branch","line":48,"loc":{"start":{"line":48,"column":0},"end":{"line":50,"column":1}},"locations":[{"start":{"line":48,"column":0},"end":{"line":50,"column":1}}]},"6":{"type":"branch","line":53,"loc":{"start":{"line":53,"column":0},"end":{"line":66,"column":1}},"locations":[{"start":{"line":53,"column":0},"end":{"line":66,"column":1}}]},"7":{"type":"branch","line":54,"loc":{"start":{"line":54,"column":21},"end":{"line":65,"column":3}},"locations":[{"start":{"line":54,"column":21},"end":{"line":65,"column":3}}]},"8":{"type":"branch","line":56,"loc":{"start":{"line":56,"column":18},"end":{"line":64,"column":5}},"locations":[{"start":{"line":56,"column":18},"end":{"line":64,"column":5}}]},"9":{"type":"branch","line":61,"loc":{"start":{"line":61,"column":6},"end":{"line":63,"column":7}},"locations":[{"start":{"line":61,"column":6},"end":{"line":63,"column":7}}]},"10":{"type":"branch","line":60,"loc":{"start":{"line":60,"column":18},"end":{"line":60,"column":37}},"locations":[{"start":{"line":60,"column":18},"end":{"line":60,"column":37}}]},"11":{"type":"branch","line":69,"loc":{"start":{"line":69,"column":0},"end":{"line":82,"column":1}},"locations":[{"start":{"line":69,"column":0},"end":{"line":82,"column":1}}]},"12":{"type":"branch","line":72,"loc":{"start":{"line":72,"column":27},"end":{"line":80,"column":61}},"locations":[{"start":{"line":72,"column":27},"end":{"line":80,"column":61}}]},"13":{"type":"branch","line":74,"loc":{"start":{"line":74,"column":45},"end":{"line":78,"column":5}},"locations":[{"start":{"line":74,"column":45},"end":{"line":78,"column":5}}]},"14":{"type":"branch","line":80,"loc":{"start":{"line":80,"column":56},"end":{"line":80,"column":66}},"locations":[{"start":{"line":80,"column":56},"end":{"line":80,"column":66}}]},"15":{"type":"branch","line":80,"loc":{"start":{"line":80,"column":61},"end":{"line":80,"column":71}},"locations":[{"start":{"line":80,"column":61},"end":{"line":80,"column":71}}]},"16":{"type":"branch","line":93,"loc":{"start":{"line":93,"column":0},"end":{"line":133,"column":1}},"locations":[{"start":{"line":93,"column":0},"end":{"line":133,"column":1}}]},"17":{"type":"branch","line":100,"loc":{"start":{"line":100,"column":20},"end":{"line":107,"column":3}},"locations":[{"start":{"line":100,"column":20},"end":{"line":107,"column":3}}]},"18":{"type":"branch","line":107,"loc":{"start":{"line":107,"column":2},"end":{"line":109,"column":53}},"locations":[{"start":{"line":107,"column":2},"end":{"line":109,"column":53}}]},"19":{"type":"branch","line":109,"loc":{"start":{"line":109,"column":53},"end":{"line":115,"column":3}},"locations":[{"start":{"line":109,"column":53},"end":{"line":115,"column":3}}]},"20":{"type":"branch","line":115,"loc":{"start":{"line":115,"column":2},"end":{"line":117,"column":57}},"locations":[{"start":{"line":115,"column":2},"end":{"line":117,"column":57}}]},"21":{"type":"branch","line":117,"loc":{"start":{"line":117,"column":57},"end":{"line":133,"column":1}},"locations":[{"start":{"line":117,"column":57},"end":{"line":133,"column":1}}]},"22":{"type":"branch","line":135,"loc":{"start":{"line":135,"column":7},"end":{"line":137,"column":1}},"locations":[{"start":{"line":135,"column":7},"end":{"line":137,"column":1}}]},"23":{"type":"branch","line":139,"loc":{"start":{"line":139,"column":7},"end":{"line":147,"column":1}},"locations":[{"start":{"line":139,"column":7},"end":{"line":147,"column":1}}]},"24":{"type":"branch","line":238,"loc":{"start":{"line":238,"column":7},"end":{"line":245,"column":1}},"locations":[{"start":{"line":238,"column":7},"end":{"line":245,"column":1}}]},"25":{"type":"branch","line":239,"loc":{"start":{"line":239,"column":20},"end":{"line":245,"column":1}},"locations":[{"start":{"line":239,"column":20},"end":{"line":245,"column":1}}]},"26":{"type":"branch","line":247,"loc":{"start":{"line":247,"column":7},"end":{"line":262,"column":1}},"locations":[{"start":{"line":247,"column":7},"end":{"line":262,"column":1}}]},"27":{"type":"branch","line":251,"loc":{"start":{"line":251,"column":14},"end":{"line":254,"column":13}},"locations":[{"start":{"line":251,"column":14},"end":{"line":254,"column":13}}]},"28":{"type":"branch","line":254,"loc":{"start":{"line":254,"column":2},"end":{"line":261,"column":3}},"locations":[{"start":{"line":254,"column":2},"end":{"line":261,"column":3}}]},"29":{"type":"branch","line":254,"loc":{"start":{"line":254,"column":24},"end":{"line":261,"column":3}},"locations":[{"start":{"line":254,"column":24},"end":{"line":261,"column":3}}]}},"b":{"0":[3],"1":[1],"2":[2],"3":[1],"4":[3],"5":[1],"6":[1],"7":[1],"8":[1],"9":[1],"10":[1],"11":[3],"12":[2],"13":[1],"14":[1],"15":[1],"16":[4],"17":[1],"18":[3],"19":[1],"20":[2],"21":[1],"22":[3],"23":[4],"24":[2],"25":[1],"26":[3],"27":[1],"28":[2],"29":[1]},"fnMap":{"0":{"name":"openBrowserForPlatform","decl":{"start":{"line":12,"column":0},"end":{"line":26,"column":1}},"loc":{"start":{"line":12,"column":0},"end":{"line":26,"column":1}},"line":12},"1":{"name":"openBrowser","decl":{"start":{"line":29,"column":0},"end":{"line":37,"column":1}},"loc":{"start":{"line":29,"column":0},"end":{"line":37,"column":1}},"line":29},"2":{"name":"__test_openBrowserForPlatform","decl":{"start":{"line":40,"column":7},"end":{"line":46,"column":1}},"loc":{"start":{"line":40,"column":7},"end":{"line":46,"column":1}},"line":40},"3":{"name":"__test_findFreePort","decl":{"start":{"line":48,"column":0},"end":{"line":50,"column":1}},"loc":{"start":{"line":48,"column":0},"end":{"line":50,"column":1}},"line":48},"4":{"name":"findFreePort","decl":{"start":{"line":53,"column":0},"end":{"line":66,"column":1}},"loc":{"start":{"line":53,"column":0},"end":{"line":66,"column":1}},"line":53},"5":{"name":"saveToEnvLocal","decl":{"start":{"line":69,"column":0},"end":{"line":82,"column":1}},"loc":{"start":{"line":69,"column":0},"end":{"line":82,"column":1}},"line":69},"6":{"name":"resolveLoginCallback","decl":{"start":{"line":93,"column":0},"end":{"line":133,"column":1}},"loc":{"start":{"line":93,"column":0},"end":{"line":133,"column":1}},"line":93},"7":{"name":"__test_saveToEnvLocal","decl":{"start":{"line":135,"column":7},"end":{"line":137,"column":1}},"loc":{"start":{"line":135,"column":7},"end":{"line":137,"column":1}},"line":135},"8":{"name":"__test_resolveLoginCallback","decl":{"start":{"line":139,"column":7},"end":{"line":147,"column":1}},"loc":{"start":{"line":139,"column":7},"end":{"line":147,"column":1}},"line":139},"9":{"name":"login","decl":{"start":{"line":150,"column":0},"end":{"line":235,"column":1}},"loc":{"start":{"line":150,"column":0},"end":{"line":235,"column":1}},"line":150},"10":{"name":"logout","decl":{"start":{"line":238,"column":7},"end":{"line":245,"column":1}},"loc":{"start":{"line":238,"column":7},"end":{"line":245,"column":1}},"line":238},"11":{"name":"status","decl":{"start":{"line":247,"column":7},"end":{"line":262,"column":1}},"loc":{"start":{"line":247,"column":7},"end":{"line":262,"column":1}},"line":247}},"f":{"0":3,"1":1,"2":3,"3":1,"4":1,"5":3,"6":4,"7":3,"8":4,"9":1,"10":2,"11":3}}
,"/Users/jskang/Projects/schift/sdk/cli-ts/src/commands/deploy.ts": {"path":"/Users/jskang/Projects/schift/sdk/cli-ts/src/commands/deploy.ts","all":false,"statementMap":{"0":{"start":{"line":1,"column":0},"end":{"line":1,"column":74}},"28":{"start":{"line":29,"column":0},"end":{"line":29,"column":56}},"29":{"start":{"line":30,"column":0},"end":{"line":30,"column":50}},"30":{"start":{"line":31,"column":0},"end":{"line":31,"column":45}},"32":{"start":{"line":33,"column":0},"end":{"line":33,"column":54}},"33":{"start":{"line":34,"column":0},"end":{"line":34,"column":56}},"34":{"start":{"line":35,"column":0},"end":{"line":35,"column":36}},"35":{"start":{"line":36,"column":0},"end":{"line":36,"column":1}},"37":{"start":{"line":38,"column":0},"end":{"line":38,"column":63}},"38":{"start":{"line":39,"column":0},"end":{"line":39,"column":63}},"39":{"start":{"line":40,"column":0},"end":{"line":40,"column":1}},"41":{"start":{"line":42,"column":0},"end":{"line":42,"column":40}},"42":{"start":{"line":43,"column":0},"end":{"line":43,"column":26}},"43":{"start":{"line":44,"column":0},"end":{"line":44,"column":14}},"44":{"start":{"line":45,"column":0},"end":{"line":45,"column":14}},"45":{"start":{"line":46,"column":0},"end":{"line":46,"column":2}},"47":{"start":{"line":48,"column":0},"end":{"line":48,"column":55}},"48":{"start":{"line":49,"column":0},"end":{"line":49,"column":56}},"49":{"start":{"line":50,"column":0},"end":{"line":50,"column":32}},"50":{"start":{"line":51,"column":0},"end":{"line":51,"column":92}},"51":{"start":{"line":52,"column":0},"end":{"line":52,"column":3}},"52":{"start":{"line":53,"column":0},"end":{"line":53,"column":55}},"53":{"start":{"line":54,"column":0},"end":{"line":54,"column":1}},"55":{"start":{"line":56,"column":0},"end":{"line":56,"column":50}},"56":{"start":{"line":57,"column":0},"end":{"line":57,"column":34}},"57":{"start":{"line":58,"column":0},"end":{"line":58,"column":29}},"58":{"start":{"line":59,"column":0},"end":{"line":59,"column":41}},"59":{"start":{"line":60,"column":0},"end":{"line":60,"column":41}},"60":{"start":{"line":61,"column":0},"end":{"line":61,"column":36}},"61":{"start":{"line":62,"column":0},"end":{"line":62,"column":29}},"62":{"start":{"line":63,"column":0},"end":{"line":63,"column":48}},"63":{"start":{"line":64,"column":0},"end":{"line":64,"column":55}},"64":{"start":{"line":65,"column":0},"end":{"line":65,"column":27}},"65":{"start":{"line":66,"column":0},"end":{"line":66,"column":5}},"66":{"start":{"line":67,"column":0},"end":{"line":67,"column":3}},"67":{"start":{"line":68,"column":0},"end":{"line":68,"column":15}},"68":{"start":{"line":69,"column":0},"end":{"line":69,"column":1}},"70":{"start":{"line":71,"column":0},"end":{"line":71,"column":40}},"71":{"start":{"line":72,"column":0},"end":{"line":72,"column":13}},"72":{"start":{"line":73,"column":0},"end":{"line":73,"column":18}},"73":{"start":{"line":74,"column":0},"end":{"line":74,"column":32}},"74":{"start":{"line":75,"column":0},"end":{"line":75,"column":29}},"75":{"start":{"line":76,"column":0},"end":{"line":76,"column":1}},"77":{"start":{"line":78,"column":0},"end":{"line":78,"column":55}},"78":{"start":{"line":79,"column":0},"end":{"line":79,"column":85}},"79":{"start":{"line":80,"column":0},"end":{"line":80,"column":25}},"80":{"start":{"line":81,"column":0},"end":{"line":81,"column":4}},"81":{"start":{"line":82,"column":0},"end":{"line":82,"column":1}},"83":{"start":{"line":84,"column":0},"end":{"line":84,"column":54}},"84":{"start":{"line":85,"column":0},"end":{"line":85,"column":75}},"85":{"start":{"line":86,"column":0},"end":{"line":86,"column":1}},"87":{"start":{"line":88,"column":0},"end":{"line":88,"column":72}},"88":{"start":{"line":89,"column":0},"end":{"line":89,"column":55}},"90":{"start":{"line":91,"column":0},"end":{"line":91,"column":27}},"91":{"start":{"line":92,"column":0},"end":{"line":92,"column":30}},"92":{"start":{"line":93,"column":0},"end":{"line":93,"column":39}},"93":{"start":{"line":94,"column":0},"end":{"line":94,"column":15}},"94":{"start":{"line":95,"column":0},"end":{"line":95,"column":5}},"95":{"start":{"line":96,"column":0},"end":{"line":96,"column":31}},"96":{"start":{"line":97,"column":0},"end":{"line":97,"column":27}},"97":{"start":{"line":98,"column":0},"end":{"line":98,"column":15}},"98":{"start":{"line":99,"column":0},"end":{"line":99,"column":5}},"99":{"start":{"line":100,"column":0},"end":{"line":100,"column":27}},"100":{"start":{"line":101,"column":0},"end":{"line":101,"column":25}},"101":{"start":{"line":102,"column":0},"end":{"line":102,"column":15}},"102":{"start":{"line":103,"column":0},"end":{"line":103,"column":5}},"103":{"start":{"line":104,"column":0},"end":{"line":104,"column":46}},"104":{"start":{"line":105,"column":0},"end":{"line":105,"column":3}},"106":{"start":{"line":107,"column":0},"end":{"line":107,"column":16}},"107":{"start":{"line":108,"column":0},"end":{"line":108,"column":1}},"109":{"start":{"line":110,"column":0},"end":{"line":110,"column":26}},"110":{"start":{"line":111,"column":0},"end":{"line":111,"column":25}},"111":{"start":{"line":112,"column":0},"end":{"line":112,"column":17}},"112":{"start":{"line":113,"column":0},"end":{"line":113,"column":18}},"113":{"start":{"line":114,"column":0},"end":{"line":114,"column":17}},"114":{"start":{"line":115,"column":0},"end":{"line":115,"column":17}},"115":{"start":{"line":116,"column":0},"end":{"line":116,"column":40}},"116":{"start":{"line":117,"column":0},"end":{"line":117,"column":16}},"117":{"start":{"line":118,"column":0},"end":{"line":118,"column":73}},"118":{"start":{"line":119,"column":0},"end":{"line":119,"column":3}},"120":{"start":{"line":121,"column":0},"end":{"line":121,"column":49}},"121":{"start":{"line":122,"column":0},"end":{"line":122,"column":43}},"122":{"start":{"line":123,"column":0},"end":{"line":123,"column":38}},"123":{"start":{"line":124,"column":0},"end":{"line":124,"column":37}},"124":{"start":{"line":125,"column":0},"end":{"line":125,"column":4}},"125":{"start":{"line":126,"column":0},"end":{"line":126,"column":48}},"127":{"start":{"line":128,"column":0},"end":{"line":128,"column":27}},"128":{"start":{"line":129,"column":0},"end":{"line":129,"column":49}},"129":{"start":{"line":130,"column":0},"end":{"line":130,"column":37}},"130":{"start":{"line":131,"column":0},"end":{"line":131,"column":3}},"132":{"start":{"line":133,"column":0},"end":{"line":133,"column":46}},"133":{"start":{"line":134,"column":0},"end":{"line":134,"column":17}},"134":{"start":{"line":135,"column":0},"end":{"line":135,"column":51}},"135":{"start":{"line":136,"column":0},"end":{"line":136,"column":57}},"136":{"start":{"line":137,"column":0},"end":{"line":137,"column":3}},"137":{"start":{"line":138,"column":0},"end":{"line":138,"column":39}},"138":{"start":{"line":139,"column":0},"end":{"line":139,"column":21}},"139":{"start":{"line":140,"column":0},"end":{"line":140,"column":1}},"141":{"start":{"line":142,"column":0},"end":{"line":142,"column":101}},"142":{"start":{"line":143,"column":0},"end":{"line":143,"column":40}},"143":{"start":{"line":144,"column":0},"end":{"line":144,"column":16}},"144":{"start":{"line":145,"column":0},"end":{"line":145,"column":73}},"145":{"start":{"line":146,"column":0},"end":{"line":146,"column":3}},"147":{"start":{"line":148,"column":0},"end":{"line":148,"column":45}},"148":{"start":{"line":149,"column":0},"end":{"line":149,"column":43}},"150":{"start":{"line":151,"column":0},"end":{"line":151,"column":34}},"151":{"start":{"line":152,"column":0},"end":{"line":152,"column":39}},"152":{"start":{"line":153,"column":0},"end":{"line":153,"column":43}},"154":{"start":{"line":155,"column":0},"end":{"line":155,"column":92}},"155":{"start":{"line":156,"column":0},"end":{"line":156,"column":19}},"156":{"start":{"line":157,"column":0},"end":{"line":157,"column":14}},"157":{"start":{"line":158,"column":0},"end":{"line":158,"column":40}},"158":{"start":{"line":159,"column":0},"end":{"line":159,"column":39}},"159":{"start":{"line":160,"column":0},"end":{"line":160,"column":6}},"160":{"start":{"line":161,"column":0},"end":{"line":161,"column":19}},"161":{"start":{"line":162,"column":0},"end":{"line":162,"column":5}},"163":{"start":{"line":164,"column":0},"end":{"line":164,"column":17}},"164":{"start":{"line":165,"column":0},"end":{"line":165,"column":51}},"165":{"start":{"line":166,"column":0},"end":{"line":166,"column":77}},"166":{"start":{"line":167,"column":0},"end":{"line":167,"column":3}},"168":{"start":{"line":169,"column":0},"end":{"line":169,"column":39}},"169":{"start":{"line":170,"column":0},"end":{"line":170,"column":1}},"171":{"start":{"line":172,"column":0},"end":{"line":172,"column":53}},"172":{"start":{"line":173,"column":0},"end":{"line":173,"column":68}},"173":{"start":{"line":174,"column":0},"end":{"line":174,"column":26}},"174":{"start":{"line":175,"column":0},"end":{"line":175,"column":56}},"175":{"start":{"line":176,"column":0},"end":{"line":176,"column":34}},"176":{"start":{"line":177,"column":0},"end":{"line":177,"column":1}},"178":{"start":{"line":179,"column":0},"end":{"line":179,"column":85}},"179":{"start":{"line":180,"column":0},"end":{"line":180,"column":31}},"180":{"start":{"line":181,"column":0},"end":{"line":181,"column":30}},"182":{"start":{"line":183,"column":0},"end":{"line":183,"column":53}},"183":{"start":{"line":184,"column":0},"end":{"line":184,"column":72}},"184":{"start":{"line":185,"column":0},"end":{"line":185,"column":54}},"186":{"start":{"line":187,"column":0},"end":{"line":187,"column":34}},"187":{"start":{"line":188,"column":0},"end":{"line":188,"column":47}},"188":{"start":{"line":189,"column":0},"end":{"line":189,"column":28}},"189":{"start":{"line":190,"column":0},"end":{"line":190,"column":7}},"191":{"start":{"line":192,"column":0},"end":{"line":192,"column":40}},"192":{"start":{"line":193,"column":0},"end":{"line":193,"column":42}},"193":{"start":{"line":194,"column":0},"end":{"line":194,"column":71}},"194":{"start":{"line":195,"column":0},"end":{"line":195,"column":9}},"195":{"start":{"line":196,"column":0},"end":{"line":196,"column":14}},"196":{"start":{"line":197,"column":0},"end":{"line":197,"column":7}},"198":{"start":{"line":199,"column":0},"end":{"line":199,"column":32}},"199":{"start":{"line":200,"column":0},"end":{"line":200,"column":5}},"201":{"start":{"line":202,"column":0},"end":{"line":202,"column":42}},"202":{"start":{"line":203,"column":0},"end":{"line":203,"column":59}},"203":{"start":{"line":204,"column":0},"end":{"line":204,"column":5}},"204":{"start":{"line":205,"column":0},"end":{"line":205,"column":3}},"205":{"start":{"line":206,"column":0},"end":{"line":206,"column":1}},"207":{"start":{"line":208,"column":0},"end":{"line":208,"column":60}},"208":{"start":{"line":209,"column":0},"end":{"line":209,"column":19}},"209":{"start":{"line":210,"column":0},"end":{"line":210,"column":66}},"210":{"start":{"line":211,"column":0},"end":{"line":211,"column":64}},"211":{"start":{"line":212,"column":0},"end":{"line":212,"column":1}},"228":{"start":{"line":229,"column":0},"end":{"line":229,"column":40}},"229":{"start":{"line":230,"column":0},"end":{"line":230,"column":25}},"230":{"start":{"line":231,"column":0},"end":{"line":231,"column":44}},"231":{"start":{"line":232,"column":0},"end":{"line":232,"column":18}},"232":{"start":{"line":233,"column":0},"end":{"line":233,"column":48}},"234":{"start":{"line":235,"column":0},"end":{"line":235,"column":32}},"235":{"start":{"line":236,"column":0},"end":{"line":236,"column":80}},"236":{"start":{"line":237,"column":0},"end":{"line":237,"column":20}},"237":{"start":{"line":238,"column":0},"end":{"line":238,"column":11}},"238":{"start":{"line":239,"column":0},"end":{"line":239,"column":3}},"240":{"start":{"line":241,"column":0},"end":{"line":241,"column":57}},"242":{"start":{"line":243,"column":0},"end":{"line":243,"column":22}},"243":{"start":{"line":244,"column":0},"end":{"line":244,"column":48}},"244":{"start":{"line":245,"column":0},"end":{"line":245,"column":45}},"245":{"start":{"line":246,"column":0},"end":{"line":246,"column":54}},"246":{"start":{"line":247,"column":0},"end":{"line":247,"column":3}},"248":{"start":{"line":249,"column":0},"end":{"line":249,"column":109}},"249":{"start":{"line":250,"column":0},"end":{"line":250,"column":60}},"250":{"start":{"line":251,"column":0},"end":{"line":251,"column":45}},"251":{"start":{"line":252,"column":0},"end":{"line":252,"column":51}},"252":{"start":{"line":253,"column":0},"end":{"line":253,"column":7}},"254":{"start":{"line":255,"column":0},"end":{"line":255,"column":91}},"255":{"start":{"line":256,"column":0},"end":{"line":256,"column":57}},"256":{"start":{"line":257,"column":0},"end":{"line":257,"column":33}},"258":{"start":{"line":259,"column":0},"end":{"line":259,"column":22}},"259":{"start":{"line":260,"column":0},"end":{"line":260,"column":69}},"260":{"start":{"line":261,"column":0},"end":{"line":261,"column":50}},"261":{"start":{"line":262,"column":0},"end":{"line":262,"column":47}},"262":{"start":{"line":263,"column":0},"end":{"line":263,"column":3}},"264":{"start":{"line":265,"column":0},"end":{"line":265,"column":25}},"265":{"start":{"line":266,"column":0},"end":{"line":266,"column":44}},"266":{"start":{"line":267,"column":0},"end":{"line":267,"column":28}},"267":{"start":{"line":268,"column":0},"end":{"line":268,"column":43}},"268":{"start":{"line":269,"column":0},"end":{"line":269,"column":26}},"269":{"start":{"line":270,"column":0},"end":{"line":270,"column":80}},"270":{"start":{"line":271,"column":0},"end":{"line":271,"column":7}},"271":{"start":{"line":272,"column":0},"end":{"line":272,"column":76}},"272":{"start":{"line":273,"column":0},"end":{"line":273,"column":49}},"273":{"start":{"line":274,"column":0},"end":{"line":274,"column":32}},"274":{"start":{"line":275,"column":0},"end":{"line":275,"column":26}},"275":{"start":{"line":276,"column":0},"end":{"line":276,"column":29}},"276":{"start":{"line":277,"column":0},"end":{"line":277,"column":7}},"277":{"start":{"line":278,"column":0},"end":{"line":278,"column":5}},"278":{"start":{"line":279,"column":0},"end":{"line":279,"column":29}},"279":{"start":{"line":280,"column":0},"end":{"line":280,"column":79}},"280":{"start":{"line":281,"column":0},"end":{"line":281,"column":3}},"282":{"start":{"line":283,"column":0},"end":{"line":283,"column":22}},"283":{"start":{"line":284,"column":0},"end":{"line":284,"column":50}},"284":{"start":{"line":285,"column":0},"end":{"line":285,"column":3}},"285":{"start":{"line":286,"column":0},"end":{"line":286,"column":58}},"286":{"start":{"line":287,"column":0},"end":{"line":287,"column":42}},"287":{"start":{"line":288,"column":0},"end":{"line":288,"column":29}},"288":{"start":{"line":289,"column":0},"end":{"line":289,"column":31}},"289":{"start":{"line":290,"column":0},"end":{"line":290,"column":3}},"291":{"start":{"line":292,"column":0},"end":{"line":292,"column":22}},"292":{"start":{"line":293,"column":0},"end":{"line":293,"column":52}},"293":{"start":{"line":294,"column":0},"end":{"line":294,"column":70}},"294":{"start":{"line":295,"column":0},"end":{"line":295,"column":31}},"295":{"start":{"line":296,"column":0},"end":{"line":296,"column":63}},"296":{"start":{"line":297,"column":0},"end":{"line":297,"column":5}},"297":{"start":{"line":298,"column":0},"end":{"line":298,"column":3}},"299":{"start":{"line":300,"column":0},"end":{"line":300,"column":22}},"300":{"start":{"line":301,"column":0},"end":{"line":301,"column":22}},"301":{"start":{"line":302,"column":0},"end":{"line":302,"column":47}},"302":{"start":{"line":303,"column":0},"end":{"line":303,"column":3}},"303":{"start":{"line":304,"column":0},"end":{"line":304,"column":36}},"304":{"start":{"line":305,"column":0},"end":{"line":305,"column":9}},"305":{"start":{"line":306,"column":0},"end":{"line":306,"column":96}},"306":{"start":{"line":307,"column":0},"end":{"line":307,"column":60}},"307":{"start":{"line":308,"column":0},"end":{"line":308,"column":17}},"308":{"start":{"line":309,"column":0},"end":{"line":309,"column":9}},"309":{"start":{"line":310,"column":0},"end":{"line":310,"column":46}},"310":{"start":{"line":311,"column":0},"end":{"line":311,"column":26}},"311":{"start":{"line":312,"column":0},"end":{"line":312,"column":72}},"312":{"start":{"line":313,"column":0},"end":{"line":313,"column":7}},"313":{"start":{"line":314,"column":0},"end":{"line":314,"column":19}},"314":{"start":{"line":315,"column":0},"end":{"line":315,"column":26}},"315":{"start":{"line":316,"column":0},"end":{"line":316,"column":74}},"316":{"start":{"line":317,"column":0},"end":{"line":317,"column":7}},"317":{"start":{"line":318,"column":0},"end":{"line":318,"column":5}},"318":{"start":{"line":319,"column":0},"end":{"line":319,"column":29}},"319":{"start":{"line":320,"column":0},"end":{"line":320,"column":43}},"320":{"start":{"line":321,"column":0},"end":{"line":321,"column":3}},"322":{"start":{"line":323,"column":0},"end":{"line":323,"column":37}},"323":{"start":{"line":324,"column":0},"end":{"line":324,"column":53}},"325":{"start":{"line":326,"column":0},"end":{"line":326,"column":19}},"326":{"start":{"line":327,"column":0},"end":{"line":327,"column":28}},"327":{"start":{"line":328,"column":0},"end":{"line":328,"column":33}},"328":{"start":{"line":329,"column":0},"end":{"line":329,"column":30}},"329":{"start":{"line":330,"column":0},"end":{"line":330,"column":34}},"330":{"start":{"line":331,"column":0},"end":{"line":331,"column":28}},"331":{"start":{"line":332,"column":0},"end":{"line":332,"column":53}},"332":{"start":{"line":333,"column":0},"end":{"line":333,"column":32}},"333":{"start":{"line":334,"column":0},"end":{"line":334,"column":27}},"334":{"start":{"line":335,"column":0},"end":{"line":335,"column":12}},"335":{"start":{"line":336,"column":0},"end":{"line":336,"column":4}},"336":{"start":{"line":337,"column":0},"end":{"line":337,"column":50}},"338":{"start":{"line":339,"column":0},"end":{"line":339,"column":21}},"339":{"start":{"line":340,"column":0},"end":{"line":340,"column":41}},"340":{"start":{"line":341,"column":0},"end":{"line":341,"column":11}},"341":{"start":{"line":342,"column":0},"end":{"line":342,"column":3}},"343":{"start":{"line":344,"column":0},"end":{"line":344,"column":44}},"344":{"start":{"line":345,"column":0},"end":{"line":345,"column":46}},"345":{"start":{"line":346,"column":0},"end":{"line":346,"column":47}},"346":{"start":{"line":347,"column":0},"end":{"line":347,"column":70}},"347":{"start":{"line":348,"column":0},"end":{"line":348,"column":33}},"348":{"start":{"line":349,"column":0},"end":{"line":349,"column":221}},"349":{"start":{"line":350,"column":0},"end":{"line":350,"column":66}},"350":{"start":{"line":351,"column":0},"end":{"line":351,"column":265}},"351":{"start":{"line":352,"column":0},"end":{"line":352,"column":104}},"352":{"start":{"line":353,"column":0},"end":{"line":353,"column":35}},"353":{"start":{"line":354,"column":0},"end":{"line":354,"column":50}},"354":{"start":{"line":355,"column":0},"end":{"line":355,"column":1}}},"s":{"0":1,"28":158,"29":158,"30":158,"32":4,"33":4,"34":158,"35":158,"37":158,"38":158,"39":158,"41":1,"42":1,"43":1,"44":1,"45":1,"47":14,"48":14,"49":14,"50":1,"51":1,"52":13,"53":13,"55":11,"56":11,"57":11,"58":11,"59":9,"60":9,"61":9,"62":1,"63":9,"64":7,"65":7,"66":9,"67":11,"68":11,"70":12,"71":12,"72":12,"73":12,"74":12,"75":12,"77":123,"78":123,"79":123,"80":123,"81":123,"83":4,"84":4,"85":4,"87":1,"88":3,"90":3,"91":4,"92":1,"93":1,"94":1,"95":4,"96":1,"97":1,"98":1,"99":4,"100":1,"101":1,"102":1,"103":1,"104":1,"106":2,"107":2,"109":138,"110":138,"111":138,"112":138,"113":138,"114":138,"115":138,"116":138,"117":0,"118":0,"120":138,"121":138,"122":138,"123":138,"124":138,"125":138,"127":138,"128":15,"129":15,"130":15,"132":138,"133":138,"134":1,"135":1,"136":1,"137":138,"138":137,"139":137,"141":7,"142":7,"143":7,"144":0,"145":0,"147":7,"148":7,"150":7,"151":7,"152":7,"154":7,"155":7,"156":7,"157":7,"158":7,"159":7,"160":7,"161":7,"163":7,"164":1,"165":1,"166":1,"168":6,"169":6,"171":6,"172":6,"173":6,"174":6,"175":6,"176":6,"178":3,"179":3,"180":3,"182":3,"183":123,"184":123,"186":123,"187":4,"188":4,"189":4,"191":123,"192":2,"193":1,"194":1,"195":1,"196":1,"198":121,"199":121,"201":3,"202":1,"203":1,"204":3,"205":1,"207":6,"208":6,"209":6,"210":6,"211":6,"228":14,"229":14,"230":14,"231":14,"232":14,"234":14,"235":1,"236":1,"237":1,"238":1,"240":14,"242":14,"243":9,"244":9,"245":9,"246":9,"248":12,"249":12,"250":14,"251":14,"252":14,"254":14,"255":14,"256":14,"258":14,"259":9,"260":9,"261":9,"262":9,"264":14,"265":7,"266":7,"267":7,"268":7,"269":6,"270":6,"271":7,"272":6,"273":6,"274":7,"275":5,"276":5,"277":7,"278":14,"279":3,"280":3,"282":14,"283":8,"284":8,"285":14,"286":3,"287":14,"288":5,"289":5,"291":14,"292":6,"293":6,"294":6,"295":3,"296":3,"297":6,"299":9,"300":14,"301":6,"302":6,"303":14,"304":3,"305":3,"306":3,"307":3,"308":3,"309":3,"310":3,"311":2,"312":2,"313":3,"314":1,"315":1,"316":1,"317":1,"318":14,"319":3,"320":3,"322":9,"323":9,"325":9,"326":9,"327":9,"328":9,"329":9,"330":9,"331":9,"332":9,"333":9,"334":9,"335":9,"336":9,"338":14,"339":3,"340":3,"341":3,"343":6,"344":6,"345":6,"346":6,"347":6,"348":6,"349":6,"350":6,"351":6,"352":6,"353":6,"354":6},"branchMap":{"0":{"type":"branch","line":29,"loc":{"start":{"line":29,"column":0},"end":{"line":36,"column":1}},"locations":[{"start":{"line":29,"column":0},"end":{"line":36,"column":1}}]},"1":{"type":"branch","line":31,"loc":{"start":{"line":31,"column":33},"end":{"line":31,"column":45}},"locations":[{"start":{"line":31,"column":33},"end":{"line":31,"column":45}}]},"2":{"type":"branch","line":31,"loc":{"start":{"line":31,"column":40},"end":{"line":35,"column":26}},"locations":[{"start":{"line":31,"column":40},"end":{"line":35,"column":26}}]},"3":{"type":"branch","line":35,"loc":{"start":{"line":35,"column":26},"end":{"line":35,"column":36}},"locations":[{"start":{"line":35,"column":26},"end":{"line":35,"column":36}}]},"4":{"type":"branch","line":38,"loc":{"start":{"line":38,"column":0},"end":{"line":40,"column":1}},"locations":[{"start":{"line":38,"column":0},"end":{"line":40,"column":1}}]},"5":{"type":"branch","line":39,"loc":{"start":{"line":39,"column":38},"end":{"line":39,"column":63}},"locations":[{"start":{"line":39,"column":38},"end":{"line":39,"column":63}}]},"6":{"type":"branch","line":48,"loc":{"start":{"line":48,"column":0},"end":{"line":54,"column":1}},"locations":[{"start":{"line":48,"column":0},"end":{"line":54,"column":1}}]},"7":{"type":"branch","line":50,"loc":{"start":{"line":50,"column":31},"end":{"line":52,"column":3}},"locations":[{"start":{"line":50,"column":31},"end":{"line":52,"column":3}}]},"8":{"type":"branch","line":52,"loc":{"start":{"line":52,"column":2},"end":{"line":54,"column":1}},"locations":[{"start":{"line":52,"column":2},"end":{"line":54,"column":1}}]},"9":{"type":"branch","line":56,"loc":{"start":{"line":56,"column":0},"end":{"line":69,"column":1}},"locations":[{"start":{"line":56,"column":0},"end":{"line":69,"column":1}}]},"10":{"type":"branch","line":57,"loc":{"start":{"line":57,"column":24},"end":{"line":57,"column":34}},"locations":[{"start":{"line":57,"column":24},"end":{"line":57,"column":34}}]},"11":{"type":"branch","line":59,"loc":{"start":{"line":59,"column":40},"end":{"line":67,"column":3}},"locations":[{"start":{"line":59,"column":40},"end":{"line":67,"column":3}}]},"12":{"type":"branch","line":62,"loc":{"start":{"line":62,"column":28},"end":{"line":64,"column":15}},"locations":[{"start":{"line":62,"column":28},"end":{"line":64,"column":15}}]},"13":{"type":"branch","line":64,"loc":{"start":{"line":64,"column":4},"end":{"line":66,"column":5}},"locations":[{"start":{"line":64,"column":4},"end":{"line":66,"column":5}}]},"14":{"type":"branch","line":64,"loc":{"start":{"line":64,"column":54},"end":{"line":66,"column":5}},"locations":[{"start":{"line":64,"column":54},"end":{"line":66,"column":5}}]},"15":{"type":"branch","line":71,"loc":{"start":{"line":71,"column":0},"end":{"line":76,"column":1}},"locations":[{"start":{"line":71,"column":0},"end":{"line":76,"column":1}}]},"16":{"type":"branch","line":78,"loc":{"start":{"line":78,"column":0},"end":{"line":82,"column":1}},"locations":[{"start":{"line":78,"column":0},"end":{"line":82,"column":1}}]},"17":{"type":"branch","line":84,"loc":{"start":{"line":84,"column":0},"end":{"line":86,"column":1}},"locations":[{"start":{"line":84,"column":0},"end":{"line":86,"column":1}}]},"18":{"type":"branch","line":88,"loc":{"start":{"line":88,"column":7},"end":{"line":108,"column":1}},"locations":[{"start":{"line":88,"column":7},"end":{"line":108,"column":1}}]},"19":{"type":"branch","line":91,"loc":{"start":{"line":91,"column":26},"end":{"line":105,"column":3}},"locations":[{"start":{"line":91,"column":26},"end":{"line":105,"column":3}}]},"20":{"type":"branch","line":92,"loc":{"start":{"line":92,"column":29},"end":{"line":95,"column":5}},"locations":[{"start":{"line":92,"column":29},"end":{"line":95,"column":5}}]},"21":{"type":"branch","line":95,"loc":{"start":{"line":95,"column":4},"end":{"line":96,"column":30}},"locations":[{"start":{"line":95,"column":4},"end":{"line":96,"column":30}}]},"22":{"type":"branch","line":96,"loc":{"start":{"line":96,"column":30},"end":{"line":99,"column":5}},"locations":[{"start":{"line":96,"column":30},"end":{"line":99,"column":5}}]},"23":{"type":"branch","line":99,"loc":{"start":{"line":99,"column":4},"end":{"line":100,"column":26}},"locations":[{"start":{"line":99,"column":4},"end":{"line":100,"column":26}}]},"24":{"type":"branch","line":100,"loc":{"start":{"line":100,"column":26},"end":{"line":105,"column":3}},"locations":[{"start":{"line":100,"column":26},"end":{"line":105,"column":3}}]},"25":{"type":"branch","line":105,"loc":{"start":{"line":105,"column":2},"end":{"line":108,"column":1}},"locations":[{"start":{"line":105,"column":2},"end":{"line":108,"column":1}}]},"26":{"type":"branch","line":110,"loc":{"start":{"line":110,"column":0},"end":{"line":140,"column":1}},"locations":[{"start":{"line":110,"column":0},"end":{"line":140,"column":1}}]},"27":{"type":"branch","line":117,"loc":{"start":{"line":117,"column":15},"end":{"line":119,"column":3}},"locations":[{"start":{"line":117,"column":15},"end":{"line":119,"column":3}}]},"28":{"type":"branch","line":128,"loc":{"start":{"line":128,"column":26},"end":{"line":131,"column":3}},"locations":[{"start":{"line":128,"column":26},"end":{"line":131,"column":3}}]},"29":{"type":"branch","line":134,"loc":{"start":{"line":134,"column":16},"end":{"line":137,"column":3}},"locations":[{"start":{"line":134,"column":16},"end":{"line":137,"column":3}}]},"30":{"type":"branch","line":137,"loc":{"start":{"line":137,"column":2},"end":{"line":138,"column":34}},"locations":[{"start":{"line":137,"column":2},"end":{"line":138,"column":34}}]},"31":{"type":"branch","line":138,"loc":{"start":{"line":138,"column":27},"end":{"line":138,"column":39}},"locations":[{"start":{"line":138,"column":27},"end":{"line":138,"column":39}}]},"32":{"type":"branch","line":138,"loc":{"start":{"line":138,"column":34},"end":{"line":140,"column":1}},"locations":[{"start":{"line":138,"column":34},"end":{"line":140,"column":1}}]},"33":{"type":"branch","line":142,"loc":{"start":{"line":142,"column":0},"end":{"line":170,"column":1}},"locations":[{"start":{"line":142,"column":0},"end":{"line":170,"column":1}}]},"34":{"type":"branch","line":144,"loc":{"start":{"line":144,"column":15},"end":{"line":146,"column":3}},"locations":[{"start":{"line":144,"column":15},"end":{"line":146,"column":3}}]},"35":{"type":"branch","line":164,"loc":{"start":{"line":164,"column":16},"end":{"line":167,"column":3}},"locations":[{"start":{"line":164,"column":16},"end":{"line":167,"column":3}}]},"36":{"type":"branch","line":167,"loc":{"start":{"line":167,"column":2},"end":{"line":170,"column":1}},"locations":[{"start":{"line":167,"column":2},"end":{"line":170,"column":1}}]},"37":{"type":"branch","line":172,"loc":{"start":{"line":172,"column":0},"end":{"line":177,"column":1}},"locations":[{"start":{"line":172,"column":0},"end":{"line":177,"column":1}}]},"38":{"type":"branch","line":173,"loc":{"start":{"line":173,"column":58},"end":{"line":173,"column":68}},"locations":[{"start":{"line":173,"column":58},"end":{"line":173,"column":68}}]},"39":{"type":"branch","line":175,"loc":{"start":{"line":175,"column":9},"end":{"line":175,"column":55}},"locations":[{"start":{"line":175,"column":9},"end":{"line":175,"column":55}}]},"40":{"type":"branch","line":175,"loc":{"start":{"line":175,"column":35},"end":{"line":175,"column":47}},"locations":[{"start":{"line":175,"column":35},"end":{"line":175,"column":47}}]},"41":{"type":"branch","line":176,"loc":{"start":{"line":176,"column":12},"end":{"line":176,"column":32}},"locations":[{"start":{"line":176,"column":12},"end":{"line":176,"column":32}}]},"42":{"type":"branch","line":179,"loc":{"start":{"line":179,"column":0},"end":{"line":206,"column":1}},"locations":[{"start":{"line":179,"column":0},"end":{"line":206,"column":1}}]},"43":{"type":"branch","line":183,"loc":{"start":{"line":183,"column":52},"end":{"line":200,"column":5}},"locations":[{"start":{"line":183,"column":52},"end":{"line":200,"column":5}}]},"44":{"type":"branch","line":185,"loc":{"start":{"line":185,"column":33},"end":{"line":185,"column":52}},"locations":[{"start":{"line":185,"column":33},"end":{"line":185,"column":52}}]},"45":{"type":"branch","line":187,"loc":{"start":{"line":187,"column":33},"end":{"line":190,"column":7}},"locations":[{"start":{"line":187,"column":33},"end":{"line":190,"column":7}}]},"46":{"type":"branch","line":192,"loc":{"start":{"line":192,"column":39},"end":{"line":197,"column":7}},"locations":[{"start":{"line":192,"column":39},"end":{"line":197,"column":7}}]},"47":{"type":"branch","line":193,"loc":{"start":{"line":193,"column":41},"end":{"line":197,"column":7}},"locations":[{"start":{"line":193,"column":41},"end":{"line":197,"column":7}}]},"48":{"type":"branch","line":197,"loc":{"start":{"line":197,"column":6},"end":{"line":200,"column":5}},"locations":[{"start":{"line":197,"column":6},"end":{"line":200,"column":5}}]},"49":{"type":"branch","line":200,"loc":{"start":{"line":200,"column":4},"end":{"line":202,"column":41}},"locations":[{"start":{"line":200,"column":4},"end":{"line":202,"column":41}}]},"50":{"type":"branch","line":202,"loc":{"start":{"line":202,"column":41},"end":{"line":204,"column":5}},"locations":[{"start":{"line":202,"column":41},"end":{"line":204,"column":5}}]},"51":{"type":"branch","line":205,"loc":{"start":{"line":205,"column":2},"end":{"line":206,"column":1}},"locations":[{"start":{"line":205,"column":2},"end":{"line":206,"column":1}}]},"52":{"type":"branch","line":208,"loc":{"start":{"line":208,"column":0},"end":{"line":212,"column":1}},"locations":[{"start":{"line":208,"column":0},"end":{"line":212,"column":1}}]},"53":{"type":"branch","line":229,"loc":{"start":{"line":229,"column":0},"end":{"line":355,"column":1}},"locations":[{"start":{"line":229,"column":0},"end":{"line":355,"column":1}}]},"54":{"type":"branch","line":235,"loc":{"start":{"line":235,"column":31},"end":{"line":239,"column":3}},"locations":[{"start":{"line":235,"column":31},"end":{"line":239,"column":3}}]},"55":{"type":"branch","line":239,"loc":{"start":{"line":239,"column":2},"end":{"line":241,"column":44}},"locations":[{"start":{"line":239,"column":2},"end":{"line":241,"column":44}}]},"56":{"type":"branch","line":241,"loc":{"start":{"line":241,"column":36},"end":{"line":241,"column":55}},"locations":[{"start":{"line":241,"column":36},"end":{"line":241,"column":55}}]},"57":{"type":"branch","line":243,"loc":{"start":{"line":243,"column":21},"end":{"line":247,"column":3}},"locations":[{"start":{"line":243,"column":21},"end":{"line":247,"column":3}}]},"58":{"type":"branch","line":247,"loc":{"start":{"line":247,"column":2},"end":{"line":251,"column":33}},"locations":[{"start":{"line":247,"column":2},"end":{"line":251,"column":33}}]},"59":{"type":"branch","line":251,"loc":{"start":{"line":251,"column":25},"end":{"line":251,"column":45}},"locations":[{"start":{"line":251,"column":25},"end":{"line":251,"column":45}}]},"60":{"type":"branch","line":252,"loc":{"start":{"line":252,"column":32},"end":{"line":252,"column":51}},"locations":[{"start":{"line":252,"column":32},"end":{"line":252,"column":51}}]},"61":{"type":"branch","line":253,"loc":{"start":{"line":253,"column":5},"end":{"line":255,"column":31}},"locations":[{"start":{"line":253,"column":5},"end":{"line":255,"column":31}}]},"62":{"type":"branch","line":255,"loc":{"start":{"line":255,"column":25},"end":{"line":255,"column":86}},"locations":[{"start":{"line":255,"column":25},"end":{"line":255,"column":86}}]},"63":{"type":"branch","line":255,"loc":{"start":{"line":255,"column":63},"end":{"line":255,"column":82}},"locations":[{"start":{"line":255,"column":63},"end":{"line":255,"column":82}}]},"64":{"type":"branch","line":255,"loc":{"start":{"line":255,"column":82},"end":{"line":255,"column":91}},"locations":[{"start":{"line":255,"column":82},"end":{"line":255,"column":91}}]},"65":{"type":"branch","line":256,"loc":{"start":{"line":256,"column":16},"end":{"line":256,"column":54}},"locations":[{"start":{"line":256,"column":16},"end":{"line":256,"column":54}}]},"66":{"type":"branch","line":256,"loc":{"start":{"line":256,"column":50},"end":{"line":256,"column":57}},"locations":[{"start":{"line":256,"column":50},"end":{"line":256,"column":57}}]},"67":{"type":"branch","line":259,"loc":{"start":{"line":259,"column":21},"end":{"line":263,"column":3}},"locations":[{"start":{"line":259,"column":21},"end":{"line":263,"column":3}}]},"68":{"type":"branch","line":263,"loc":{"start":{"line":263,"column":2},"end":{"line":265,"column":24}},"locations":[{"start":{"line":263,"column":2},"end":{"line":265,"column":24}}]},"69":{"type":"branch","line":265,"loc":{"start":{"line":265,"column":24},"end":{"line":279,"column":13}},"locations":[{"start":{"line":265,"column":24},"end":{"line":279,"column":13}}]},"70":{"type":"branch","line":269,"loc":{"start":{"line":269,"column":25},"end":{"line":271,"column":7}},"locations":[{"start":{"line":269,"column":25},"end":{"line":271,"column":7}}]},"71":{"type":"branch","line":272,"loc":{"start":{"line":272,"column":74},"end":{"line":275,"column":25}},"locations":[{"start":{"line":272,"column":74},"end":{"line":275,"column":25}}]},"72":{"type":"branch","line":275,"loc":{"start":{"line":275,"column":25},"end":{"line":277,"column":7}},"locations":[{"start":{"line":275,"column":25},"end":{"line":277,"column":7}}]},"73":{"type":"branch","line":278,"loc":{"start":{"line":278,"column":4},"end":{"line":279,"column":13}},"locations":[{"start":{"line":278,"column":4},"end":{"line":279,"column":13}}]},"74":{"type":"branch","line":279,"loc":{"start":{"line":279,"column":2},"end":{"line":281,"column":3}},"locations":[{"start":{"line":279,"column":2},"end":{"line":281,"column":3}}]},"75":{"type":"branch","line":279,"loc":{"start":{"line":279,"column":28},"end":{"line":281,"column":3}},"locations":[{"start":{"line":279,"column":28},"end":{"line":281,"column":3}}]},"76":{"type":"branch","line":280,"loc":{"start":{"line":280,"column":56},"end":{"line":280,"column":75}},"locations":[{"start":{"line":280,"column":56},"end":{"line":280,"column":75}}]},"77":{"type":"branch","line":281,"loc":{"start":{"line":281,"column":2},"end":{"line":283,"column":21}},"locations":[{"start":{"line":281,"column":2},"end":{"line":283,"column":21}}]},"78":{"type":"branch","line":283,"loc":{"start":{"line":283,"column":21},"end":{"line":285,"column":3}},"locations":[{"start":{"line":283,"column":21},"end":{"line":285,"column":3}}]},"79":{"type":"branch","line":285,"loc":{"start":{"line":285,"column":2},"end":{"line":286,"column":35}},"locations":[{"start":{"line":285,"column":2},"end":{"line":286,"column":35}}]},"80":{"type":"branch","line":286,"loc":{"start":{"line":286,"column":14},"end":{"line":286,"column":57}},"locations":[{"start":{"line":286,"column":14},"end":{"line":286,"column":57}}]},"81":{"type":"branch","line":286,"loc":{"start":{"line":286,"column":57},"end":{"line":288,"column":13}},"locations":[{"start":{"line":286,"column":57},"end":{"line":288,"column":13}}]},"82":{"type":"branch","line":287,"loc":{"start":{"line":287,"column":40},"end":{"line":288,"column":13}},"locations":[{"start":{"line":287,"column":40},"end":{"line":288,"column":13}}]},"83":{"type":"branch","line":288,"loc":{"start":{"line":288,"column":2},"end":{"line":290,"column":3}},"locations":[{"start":{"line":288,"column":2},"end":{"line":290,"column":3}}]},"84":{"type":"branch","line":288,"loc":{"start":{"line":288,"column":28},"end":{"line":290,"column":3}},"locations":[{"start":{"line":288,"column":28},"end":{"line":290,"column":3}}]},"85":{"type":"branch","line":290,"loc":{"start":{"line":290,"column":2},"end":{"line":292,"column":21}},"locations":[{"start":{"line":290,"column":2},"end":{"line":292,"column":21}}]},"86":{"type":"branch","line":292,"loc":{"start":{"line":292,"column":21},"end":{"line":298,"column":3}},"locations":[{"start":{"line":292,"column":21},"end":{"line":298,"column":3}}]},"87":{"type":"branch","line":295,"loc":{"start":{"line":295,"column":30},"end":{"line":297,"column":5}},"locations":[{"start":{"line":295,"column":30},"end":{"line":297,"column":5}}]},"88":{"type":"branch","line":298,"loc":{"start":{"line":298,"column":2},"end":{"line":301,"column":21}},"locations":[{"start":{"line":298,"column":2},"end":{"line":301,"column":21}}]},"89":{"type":"branch","line":301,"loc":{"start":{"line":301,"column":21},"end":{"line":303,"column":3}},"locations":[{"start":{"line":301,"column":21},"end":{"line":303,"column":3}}]},"90":{"type":"branch","line":303,"loc":{"start":{"line":303,"column":2},"end":{"line":304,"column":23}},"locations":[{"start":{"line":303,"column":2},"end":{"line":304,"column":23}}]},"91":{"type":"branch","line":304,"loc":{"start":{"line":304,"column":14},"end":{"line":304,"column":35}},"locations":[{"start":{"line":304,"column":14},"end":{"line":304,"column":35}}]},"92":{"type":"branch","line":304,"loc":{"start":{"line":304,"column":35},"end":{"line":319,"column":13}},"locations":[{"start":{"line":304,"column":35},"end":{"line":319,"column":13}}]},"93":{"type":"branch","line":309,"loc":{"start":{"line":309,"column":7},"end":{"line":310,"column":44}},"locations":[{"start":{"line":309,"column":7},"end":{"line":310,"column":44}}]},"94":{"type":"branch","line":311,"loc":{"start":{"line":311,"column":25},"end":{"line":313,"column":7}},"locations":[{"start":{"line":311,"column":25},"end":{"line":313,"column":7}}]},"95":{"type":"branch","line":312,"loc":{"start":{"line":312,"column":39},"end":{"line":312,"column":56}},"locations":[{"start":{"line":312,"column":39},"end":{"line":312,"column":56}}]},"96":{"type":"branch","line":312,"loc":{"start":{"line":312,"column":49},"end":{"line":312,"column":68}},"locations":[{"start":{"line":312,"column":49},"end":{"line":312,"column":68}}]},"97":{"type":"branch","line":314,"loc":{"start":{"line":314,"column":4},"end":{"line":318,"column":5}},"locations":[{"start":{"line":314,"column":4},"end":{"line":318,"column":5}}]},"98":{"type":"branch","line":319,"loc":{"start":{"line":319,"column":2},"end":{"line":321,"column":3}},"locations":[{"start":{"line":319,"column":2},"end":{"line":321,"column":3}}]},"99":{"type":"branch","line":319,"loc":{"start":{"line":319,"column":28},"end":{"line":321,"column":3}},"locations":[{"start":{"line":319,"column":28},"end":{"line":321,"column":3}}]},"100":{"type":"branch","line":321,"loc":{"start":{"line":321,"column":2},"end":{"line":339,"column":20}},"locations":[{"start":{"line":321,"column":2},"end":{"line":339,"column":20}}]},"101":{"type":"branch","line":339,"loc":{"start":{"line":339,"column":20},"end":{"line":342,"column":3}},"locations":[{"start":{"line":339,"column":20},"end":{"line":342,"column":3}}]},"102":{"type":"branch","line":342,"loc":{"start":{"line":342,"column":2},"end":{"line":355,"column":1}},"locations":[{"start":{"line":342,"column":2},"end":{"line":355,"column":1}}]}},"b":{"0":[158],"1":[154],"2":[4],"3":[0],"4":[158],"5":[154],"6":[14],"7":[1],"8":[13],"9":[11],"10":[0],"11":[9],"12":[1],"13":[8],"14":[7],"15":[12],"16":[123],"17":[4],"18":[3],"19":[4],"20":[1],"21":[3],"22":[1],"23":[2],"24":[1],"25":[2],"26":[138],"27":[0],"28":[15],"29":[1],"30":[137],"31":[0],"32":[137],"33":[7],"34":[0],"35":[1],"36":[6],"37":[6],"38":[0],"39":[5],"40":[0],"41":[5],"42":[3],"43":[123],"44":[0],"45":[4],"46":[2],"47":[1],"48":[121],"49":[2],"50":[1],"51":[1],"52":[6],"53":[14],"54":[1],"55":[12],"56":[0],"57":[9],"58":[12],"59":[0],"60":[0],"61":[12],"62":[10],"63":[0],"64":[2],"65":[10],"66":[2],"67":[9],"68":[12],"69":[7],"70":[6],"71":[6],"72":[5],"73":[6],"74":[5],"75":[3],"76":[0],"77":[11],"78":[8],"79":[11],"80":[3],"81":[3],"82":[1],"83":[8],"84":[5],"85":[9],"86":[6],"87":[3],"88":[9],"89":[6],"90":[9],"91":[3],"92":[3],"93":[2],"94":[2],"95":[1],"96":[1],"97":[1],"98":[6],"99":[3],"100":[9],"101":[3],"102":[6]},"fnMap":{"0":{"name":"loadProjectApiKey","decl":{"start":{"line":29,"column":0},"end":{"line":36,"column":1}},"loc":{"start":{"line":29,"column":0},"end":{"line":36,"column":1}},"line":29},"1":{"name":"resolveApiKey","decl":{"start":{"line":38,"column":0},"end":{"line":40,"column":1}},"loc":{"start":{"line":38,"column":0},"end":{"line":40,"column":1}},"line":38},"2":{"name":"loadProjectConfig","decl":{"start":{"line":48,"column":0},"end":{"line":54,"column":1}},"loc":{"start":{"line":48,"column":0},"end":{"line":54,"column":1}},"line":48},"3":{"name":"collectDataFiles","decl":{"start":{"line":56,"column":0},"end":{"line":69,"column":1}},"loc":{"start":{"line":56,"column":0},"end":{"line":69,"column":1}},"line":56},"4":{"name":"slugify","decl":{"start":{"line":71,"column":0},"end":{"line":76,"column":1}},"loc":{"start":{"line":71,"column":0},"end":{"line":76,"column":1}},"line":71},"5":{"name":"isTerminalJobStatus","decl":{"start":{"line":78,"column":0},"end":{"line":82,"column":1}},"loc":{"start":{"line":78,"column":0},"end":{"line":82,"column":1}},"line":78},"6":{"name":"isSuccessJobStatus","decl":{"start":{"line":84,"column":0},"end":{"line":86,"column":1}},"loc":{"start":{"line":84,"column":0},"end":{"line":86,"column":1}},"line":84},"7":{"name":"parseDeployOptions","decl":{"start":{"line":88,"column":7},"end":{"line":108,"column":1}},"loc":{"start":{"line":88,"column":7},"end":{"line":108,"column":1}},"line":88},"8":{"name":"apiRequest","decl":{"start":{"line":110,"column":0},"end":{"line":140,"column":1}},"loc":{"start":{"line":110,"column":0},"end":{"line":140,"column":1}},"line":110},"9":{"name":"uploadFile","decl":{"start":{"line":142,"column":0},"end":{"line":170,"column":1}},"loc":{"start":{"line":142,"column":0},"end":{"line":170,"column":1}},"line":142},"10":{"name":"extractJobIds","decl":{"start":{"line":172,"column":0},"end":{"line":177,"column":1}},"loc":{"start":{"line":172,"column":0},"end":{"line":177,"column":1}},"line":172},"11":{"name":"waitForJobs","decl":{"start":{"line":179,"column":0},"end":{"line":206,"column":1}},"loc":{"start":{"line":179,"column":0},"end":{"line":206,"column":1}},"line":179},"12":{"name":"progressBar","decl":{"start":{"line":208,"column":0},"end":{"line":212,"column":1}},"loc":{"start":{"line":208,"column":0},"end":{"line":212,"column":1}},"line":208},"13":{"name":"defaultRuntime","decl":{"start":{"line":215,"column":0},"end":{"line":226,"column":1}},"loc":{"start":{"line":215,"column":0},"end":{"line":226,"column":1}},"line":215},"14":{"name":"deployWithRuntime","decl":{"start":{"line":229,"column":0},"end":{"line":355,"column":1}},"loc":{"start":{"line":229,"column":0},"end":{"line":355,"column":1}},"line":229},"15":{"name":"deploy","decl":{"start":{"line":358,"column":0},"end":{"line":361,"column":1}},"loc":{"start":{"line":358,"column":0},"end":{"line":361,"column":1}},"line":358}},"f":{"0":158,"1":158,"2":14,"3":11,"4":12,"5":123,"6":4,"7":3,"8":138,"9":7,"10":6,"11":3,"12":6,"13":1,"14":14,"15":1}}
,"/Users/jskang/Projects/schift/sdk/cli-ts/src/commands/providers.ts": {"path":"/Users/jskang/Projects/schift/sdk/cli-ts/src/commands/providers.ts","all":false,"statementMap":{"0":{"start":{"line":1,"column":0},"end":{"line":1,"column":52}},"14":{"start":{"line":15,"column":0},"end":{"line":15,"column":44}},"15":{"start":{"line":16,"column":0},"end":{"line":16,"column":10}},"16":{"start":{"line":17,"column":0},"end":{"line":17,"column":14}},"17":{"start":{"line":18,"column":0},"end":{"line":18,"column":14}},"18":{"start":{"line":19,"column":0},"end":{"line":19,"column":43}},"19":{"start":{"line":20,"column":0},"end":{"line":20,"column":47}},"20":{"start":{"line":21,"column":0},"end":{"line":21,"column":4}},"21":{"start":{"line":22,"column":0},"end":{"line":22,"column":1}},"23":{"start":{"line":24,"column":0},"end":{"line":24,"column":45}},"24":{"start":{"line":25,"column":0},"end":{"line":25,"column":19}},"25":{"start":{"line":26,"column":0},"end":{"line":26,"column":26}},"26":{"start":{"line":27,"column":0},"end":{"line":27,"column":46}},"27":{"start":{"line":28,"column":0},"end":{"line":28,"column":18}},"28":{"start":{"line":29,"column":0},"end":{"line":29,"column":37}},"29":{"start":{"line":30,"column":0},"end":{"line":30,"column":16}},"30":{"start":{"line":31,"column":0},"end":{"line":31,"column":73}},"31":{"start":{"line":32,"column":0},"end":{"line":32,"column":3}},"33":{"start":{"line":34,"column":0},"end":{"line":34,"column":65}},"34":{"start":{"line":35,"column":0},"end":{"line":35,"column":26}},"35":{"start":{"line":36,"column":0},"end":{"line":36,"column":42}},"36":{"start":{"line":37,"column":0},"end":{"line":37,"column":3}},"38":{"start":{"line":39,"column":0},"end":{"line":39,"column":91}},"39":{"start":{"line":40,"column":0},"end":{"line":40,"column":18}},"40":{"start":{"line":41,"column":0},"end":{"line":41,"column":14}},"41":{"start":{"line":42,"column":0},"end":{"line":42,"column":40}},"42":{"start":{"line":43,"column":0},"end":{"line":43,"column":41}},"43":{"start":{"line":44,"column":0},"end":{"line":44,"column":39}},"44":{"start":{"line":45,"column":0},"end":{"line":45,"column":6}},"45":{"start":{"line":46,"column":0},"end":{"line":46,"column":31}},"46":{"start":{"line":47,"column":0},"end":{"line":47,"column":5}},"48":{"start":{"line":49,"column":0},"end":{"line":49,"column":21}},"49":{"start":{"line":50,"column":0},"end":{"line":50,"column":55}},"50":{"start":{"line":51,"column":0},"end":{"line":51,"column":61}},"51":{"start":{"line":52,"column":0},"end":{"line":52,"column":3}},"53":{"start":{"line":54,"column":0},"end":{"line":54,"column":40}},"54":{"start":{"line":55,"column":0},"end":{"line":55,"column":64}},"55":{"start":{"line":56,"column":0},"end":{"line":56,"column":1}},"57":{"start":{"line":58,"column":0},"end":{"line":58,"column":69}},"58":{"start":{"line":59,"column":0},"end":{"line":59,"column":29}},"59":{"start":{"line":60,"column":0},"end":{"line":60,"column":27}},"61":{"start":{"line":62,"column":0},"end":{"line":62,"column":42}},"62":{"start":{"line":63,"column":0},"end":{"line":63,"column":77}},"63":{"start":{"line":64,"column":0},"end":{"line":64,"column":11}},"64":{"start":{"line":65,"column":0},"end":{"line":65,"column":3}},"66":{"start":{"line":67,"column":0},"end":{"line":67,"column":61}},"67":{"start":{"line":68,"column":0},"end":{"line":68,"column":24}},"68":{"start":{"line":69,"column":0},"end":{"line":69,"column":59}},"69":{"start":{"line":70,"column":0},"end":{"line":70,"column":3}},"71":{"start":{"line":72,"column":0},"end":{"line":72,"column":31}},"72":{"start":{"line":73,"column":0},"end":{"line":73,"column":13}},"73":{"start":{"line":74,"column":0},"end":{"line":74,"column":5}},"74":{"start":{"line":75,"column":0},"end":{"line":75,"column":29}},"75":{"start":{"line":76,"column":0},"end":{"line":76,"column":60}},"76":{"start":{"line":77,"column":0},"end":{"line":77,"column":6}},"77":{"start":{"line":78,"column":0},"end":{"line":78,"column":21}},"78":{"start":{"line":79,"column":0},"end":{"line":79,"column":4}},"79":{"start":{"line":80,"column":0},"end":{"line":80,"column":1}}},"s":{"0":1,"14":1,"15":1,"16":1,"17":1,"18":1,"19":1,"20":1,"21":1,"23":5,"24":5,"25":5,"26":5,"27":5,"28":5,"29":5,"30":1,"31":1,"33":4,"34":5,"35":2,"36":2,"38":4,"39":4,"40":4,"41":4,"42":4,"43":4,"44":4,"45":4,"46":4,"48":5,"49":1,"50":1,"51":1,"53":3,"54":3,"55":3,"57":3,"58":3,"59":3,"61":3,"62":1,"63":1,"64":1,"66":2,"67":3,"68":1,"69":1,"71":1,"72":1,"73":1,"74":1,"75":1,"76":1,"77":1,"78":1,"79":1},"branchMap":{"0":{"type":"branch","line":15,"loc":{"start":{"line":15,"column":0},"end":{"line":22,"column":1}},"locations":[{"start":{"line":15,"column":0},"end":{"line":22,"column":1}}]},"1":{"type":"branch","line":19,"loc":{"start":{"line":19,"column":9},"end":{"line":19,"column":43}},"locations":[{"start":{"line":19,"column":9},"end":{"line":19,"column":43}}]},"2":{"type":"branch","line":20,"loc":{"start":{"line":20,"column":11},"end":{"line":20,"column":47}},"locations":[{"start":{"line":20,"column":11},"end":{"line":20,"column":47}}]},"3":{"type":"branch","line":24,"loc":{"start":{"line":24,"column":0},"end":{"line":56,"column":1}},"locations":[{"start":{"line":24,"column":0},"end":{"line":56,"column":1}}]},"4":{"type":"branch","line":30,"loc":{"start":{"line":30,"column":15},"end":{"line":32,"column":3}},"locations":[{"start":{"line":30,"column":15},"end":{"line":32,"column":3}}]},"5":{"type":"branch","line":32,"loc":{"start":{"line":32,"column":2},"end":{"line":35,"column":25}},"locations":[{"start":{"line":32,"column":2},"end":{"line":35,"column":25}}]},"6":{"type":"branch","line":35,"loc":{"start":{"line":35,"column":25},"end":{"line":37,"column":3}},"locations":[{"start":{"line":35,"column":25},"end":{"line":37,"column":3}}]},"7":{"type":"branch","line":37,"loc":{"start":{"line":37,"column":2},"end":{"line":49,"column":20}},"locations":[{"start":{"line":37,"column":2},"end":{"line":49,"column":20}}]},"8":{"type":"branch","line":49,"loc":{"start":{"line":49,"column":20},"end":{"line":52,"column":3}},"locations":[{"start":{"line":49,"column":20},"end":{"line":52,"column":3}}]},"9":{"type":"branch","line":52,"loc":{"start":{"line":52,"column":2},"end":{"line":56,"column":1}},"locations":[{"start":{"line":52,"column":2},"end":{"line":56,"column":1}}]},"10":{"type":"branch","line":58,"loc":{"start":{"line":58,"column":0},"end":{"line":80,"column":1}},"locations":[{"start":{"line":58,"column":0},"end":{"line":80,"column":1}}]},"11":{"type":"branch","line":62,"loc":{"start":{"line":62,"column":21},"end":{"line":62,"column":41}},"locations":[{"start":{"line":62,"column":21},"end":{"line":62,"column":41}}]},"12":{"type":"branch","line":62,"loc":{"start":{"line":62,"column":41},"end":{"line":65,"column":3}},"locations":[{"start":{"line":62,"column":41},"end":{"line":65,"column":3}}]},"13":{"type":"branch","line":65,"loc":{"start":{"line":65,"column":2},"end":{"line":68,"column":23}},"locations":[{"start":{"line":65,"column":2},"end":{"line":68,"column":23}}]},"14":{"type":"branch","line":68,"loc":{"start":{"line":68,"column":23},"end":{"line":80,"column":1}},"locations":[{"start":{"line":68,"column":23},"end":{"line":80,"column":1}}]}},"b":{"0":[1],"1":[1],"2":[1],"3":[5],"4":[1],"5":[4],"6":[2],"7":[4],"8":[1],"9":[3],"10":[3],"11":[2],"12":[1],"13":[2],"14":[1]},"fnMap":{"0":{"name":"defaultRuntime","decl":{"start":{"line":15,"column":0},"end":{"line":22,"column":1}},"loc":{"start":{"line":15,"column":0},"end":{"line":22,"column":1}},"line":15},"1":{"name":"log","decl":{"start":{"line":19,"column":9},"end":{"line":19,"column":43}},"loc":{"start":{"line":19,"column":9},"end":{"line":19,"column":43}},"line":19},"2":{"name":"fetch","decl":{"start":{"line":20,"column":11},"end":{"line":20,"column":47}},"loc":{"start":{"line":20,"column":11},"end":{"line":20,"column":47}},"line":20},"3":{"name":"setProviderWithRuntime","decl":{"start":{"line":24,"column":0},"end":{"line":56,"column":1}},"loc":{"start":{"line":24,"column":0},"end":{"line":56,"column":1}},"line":24},"4":{"name":"providers","decl":{"start":{"line":58,"column":0},"end":{"line":80,"column":1}},"loc":{"start":{"line":58,"column":0},"end":{"line":80,"column":1}},"line":58}},"f":{"0":1,"1":1,"2":1,"3":5,"4":3}}
}
